{"/home/dennis/Desktop/code/npm/typed-pocketbase/example/index.ts": {"path":"/home/dennis/Desktop/code/npm/typed-pocketbase/example/index.ts","all":true,"statementMap":{"0":{"start":{"line":1,"column":0},"end":{"line":1,"column":39}},"1":{"start":{"line":2,"column":0},"end":{"line":2,"column":58}},"3":{"start":{"line":4,"column":0},"end":{"line":4,"column":64}},"4":{"start":{"line":5,"column":0},"end":{"line":5,"column":85}},"6":{"start":{"line":7,"column":0},"end":{"line":7,"column":1}},"7":{"start":{"line":8,"column":0},"end":{"line":8,"column":51}},"8":{"start":{"line":9,"column":0},"end":{"line":9,"column":11}},"9":{"start":{"line":10,"column":0},"end":{"line":10,"column":12}},"10":{"start":{"line":11,"column":0},"end":{"line":11,"column":15}},"11":{"start":{"line":12,"column":0},"end":{"line":12,"column":14}},"12":{"start":{"line":13,"column":0},"end":{"line":13,"column":17}},"13":{"start":{"line":14,"column":0},"end":{"line":14,"column":12}},"14":{"start":{"line":15,"column":0},"end":{"line":15,"column":12}},"15":{"start":{"line":16,"column":0},"end":{"line":16,"column":14}},"16":{"start":{"line":17,"column":0},"end":{"line":17,"column":26}},"17":{"start":{"line":18,"column":0},"end":{"line":18,"column":6}},"18":{"start":{"line":19,"column":0},"end":{"line":19,"column":5}},"19":{"start":{"line":20,"column":0},"end":{"line":20,"column":4}},"20":{"start":{"line":21,"column":0},"end":{"line":21,"column":4}},"21":{"start":{"line":22,"column":0},"end":{"line":22,"column":16}},"22":{"start":{"line":23,"column":0},"end":{"line":23,"column":31}},"23":{"start":{"line":24,"column":0},"end":{"line":24,"column":4}},"25":{"start":{"line":26,"column":0},"end":{"line":26,"column":30}},"26":{"start":{"line":27,"column":0},"end":{"line":27,"column":1}},"28":{"start":{"line":29,"column":0},"end":{"line":29,"column":1}},"29":{"start":{"line":30,"column":0},"end":{"line":30,"column":51}},"30":{"start":{"line":31,"column":0},"end":{"line":31,"column":11}},"31":{"start":{"line":32,"column":0},"end":{"line":32,"column":12}},"32":{"start":{"line":33,"column":0},"end":{"line":33,"column":15}},"33":{"start":{"line":34,"column":0},"end":{"line":34,"column":4}},"34":{"start":{"line":35,"column":0},"end":{"line":35,"column":4}},"35":{"start":{"line":36,"column":0},"end":{"line":36,"column":16}},"36":{"start":{"line":37,"column":0},"end":{"line":37,"column":44}},"37":{"start":{"line":38,"column":0},"end":{"line":38,"column":4}},"39":{"start":{"line":40,"column":0},"end":{"line":40,"column":30}},"40":{"start":{"line":41,"column":0},"end":{"line":41,"column":1}},"42":{"start":{"line":43,"column":0},"end":{"line":43,"column":1}},"43":{"start":{"line":44,"column":0},"end":{"line":44,"column":22}},"44":{"start":{"line":45,"column":0},"end":{"line":45,"column":16}},"45":{"start":{"line":46,"column":0},"end":{"line":46,"column":57}},"46":{"start":{"line":47,"column":0},"end":{"line":47,"column":12}},"47":{"start":{"line":48,"column":0},"end":{"line":48,"column":13}},"48":{"start":{"line":49,"column":0},"end":{"line":49,"column":16}},"49":{"start":{"line":50,"column":0},"end":{"line":50,"column":5}},"50":{"start":{"line":51,"column":0},"end":{"line":51,"column":4}},"51":{"start":{"line":52,"column":0},"end":{"line":52,"column":5}},"52":{"start":{"line":53,"column":0},"end":{"line":53,"column":19}},"53":{"start":{"line":54,"column":0},"end":{"line":54,"column":1}},"55":{"start":{"line":56,"column":0},"end":{"line":56,"column":1}},"56":{"start":{"line":57,"column":0},"end":{"line":57,"column":58}},"58":{"start":{"line":59,"column":0},"end":{"line":59,"column":18}},"59":{"start":{"line":60,"column":0},"end":{"line":60,"column":16}},"60":{"start":{"line":61,"column":0},"end":{"line":61,"column":65}},"62":{"start":{"line":63,"column":0},"end":{"line":63,"column":47}},"63":{"start":{"line":64,"column":0},"end":{"line":64,"column":11}},"64":{"start":{"line":65,"column":0},"end":{"line":65,"column":16}},"65":{"start":{"line":66,"column":0},"end":{"line":66,"column":14}},"66":{"start":{"line":67,"column":0},"end":{"line":67,"column":23}},"67":{"start":{"line":68,"column":0},"end":{"line":68,"column":12}},"68":{"start":{"line":69,"column":0},"end":{"line":69,"column":11}},"69":{"start":{"line":70,"column":0},"end":{"line":70,"column":11}},"70":{"start":{"line":71,"column":0},"end":{"line":71,"column":19}},"71":{"start":{"line":72,"column":0},"end":{"line":72,"column":15}},"72":{"start":{"line":73,"column":0},"end":{"line":73,"column":4}},"73":{"start":{"line":74,"column":0},"end":{"line":74,"column":3}},"74":{"start":{"line":75,"column":0},"end":{"line":75,"column":4}},"76":{"start":{"line":77,"column":0},"end":{"line":77,"column":51}},"77":{"start":{"line":78,"column":0},"end":{"line":78,"column":9}},"78":{"start":{"line":79,"column":0},"end":{"line":79,"column":9}},"79":{"start":{"line":80,"column":0},"end":{"line":80,"column":6}},"80":{"start":{"line":81,"column":0},"end":{"line":81,"column":4}},"82":{"start":{"line":83,"column":0},"end":{"line":83,"column":20}},"83":{"start":{"line":84,"column":0},"end":{"line":84,"column":1}}},"s":{"0":0,"1":0,"3":0,"4":0,"6":0,"7":0,"8":0,"9":0,"10":0,"11":0,"12":0,"13":0,"14":0,"15":0,"16":0,"17":0,"18":0,"19":0,"20":0,"21":0,"22":0,"23":0,"25":0,"26":0,"28":0,"29":0,"30":0,"31":0,"32":0,"33":0,"34":0,"35":0,"36":0,"37":0,"39":0,"40":0,"42":0,"43":0,"44":0,"45":0,"46":0,"47":0,"48":0,"49":0,"50":0,"51":0,"52":0,"53":0,"55":0,"56":0,"58":0,"59":0,"60":0,"62":0,"63":0,"64":0,"65":0,"66":0,"67":0,"68":0,"69":0,"70":0,"71":0,"72":0,"73":0,"74":0,"76":0,"77":0,"78":0,"79":0,"80":0,"82":0,"83":0},"branchMap":{"0":{"type":"branch","line":1,"loc":{"start":{"line":1,"column":0},"end":{"line":84,"column":-239}},"locations":[{"start":{"line":1,"column":0},"end":{"line":84,"column":-239}}]}},"b":{"0":[0]},"fnMap":{"0":{"name":"(empty-report)","decl":{"start":{"line":1,"column":0},"end":{"line":84,"column":-239}},"loc":{"start":{"line":1,"column":0},"end":{"line":84,"column":-239}},"line":1}},"f":{"0":0}}
,"/home/dennis/Desktop/code/npm/typed-pocketbase/src/client.ts": {"path":"/home/dennis/Desktop/code/npm/typed-pocketbase/src/client.ts","all":false,"statementMap":{"0":{"start":{"line":1,"column":0},"end":{"line":1,"column":55}},"10":{"start":{"line":11,"column":0},"end":{"line":11,"column":79}},"21":{"start":{"line":22,"column":0},"end":{"line":22,"column":6}},"25":{"start":{"line":26,"column":0},"end":{"line":26,"column":22}},"30":{"start":{"line":31,"column":0},"end":{"line":31,"column":40}},"31":{"start":{"line":32,"column":0},"end":{"line":32,"column":72}},"32":{"start":{"line":33,"column":0},"end":{"line":33,"column":2}},"38":{"start":{"line":39,"column":0},"end":{"line":39,"column":14}},"39":{"start":{"line":40,"column":0},"end":{"line":40,"column":38}},"40":{"start":{"line":41,"column":0},"end":{"line":41,"column":2}},"53":{"start":{"line":54,"column":0},"end":{"line":54,"column":13}},"57":{"start":{"line":58,"column":0},"end":{"line":58,"column":33}},"58":{"start":{"line":59,"column":0},"end":{"line":59,"column":19}},"59":{"start":{"line":60,"column":0},"end":{"line":60,"column":19}},"60":{"start":{"line":61,"column":0},"end":{"line":61,"column":25}},"63":{"start":{"line":64,"column":0},"end":{"line":64,"column":20}},"64":{"start":{"line":65,"column":0},"end":{"line":65,"column":50}},"65":{"start":{"line":66,"column":0},"end":{"line":66,"column":44}},"66":{"start":{"line":67,"column":0},"end":{"line":67,"column":22}},"67":{"start":{"line":68,"column":0},"end":{"line":68,"column":29}},"68":{"start":{"line":69,"column":0},"end":{"line":69,"column":39}},"69":{"start":{"line":70,"column":0},"end":{"line":70,"column":44}},"70":{"start":{"line":71,"column":0},"end":{"line":71,"column":23}},"71":{"start":{"line":72,"column":0},"end":{"line":72,"column":42}},"74":{"start":{"line":75,"column":0},"end":{"line":75,"column":2}},"76":{"start":{"line":77,"column":0},"end":{"line":77,"column":1}}},"s":{"0":1,"10":1,"21":1,"25":9,"30":9,"31":9,"32":9,"38":1,"39":2,"40":2,"53":1,"57":3,"58":3,"59":3,"60":3,"63":3,"64":3,"65":3,"66":3,"67":2,"68":2,"69":2,"70":2,"71":3,"74":3,"76":1},"branchMap":{"0":{"type":"branch","line":22,"loc":{"start":{"line":22,"column":1},"end":{"line":33,"column":2}},"locations":[{"start":{"line":22,"column":1},"end":{"line":33,"column":2}}]},"1":{"type":"branch","line":39,"loc":{"start":{"line":39,"column":1},"end":{"line":41,"column":2}},"locations":[{"start":{"line":39,"column":1},"end":{"line":41,"column":2}}]},"2":{"type":"branch","line":54,"loc":{"start":{"line":54,"column":1},"end":{"line":75,"column":2}},"locations":[{"start":{"line":54,"column":1},"end":{"line":75,"column":2}}]},"3":{"type":"branch","line":67,"loc":{"start":{"line":67,"column":9},"end":{"line":72,"column":4}},"locations":[{"start":{"line":67,"column":9},"end":{"line":72,"column":4}}]}},"b":{"0":[9],"1":[2],"2":[3],"3":[2]},"fnMap":{"0":{"name":"from","decl":{"start":{"line":22,"column":1},"end":{"line":33,"column":2}},"loc":{"start":{"line":22,"column":1},"end":{"line":33,"column":2}},"line":22},"1":{"name":"fromBatch","decl":{"start":{"line":39,"column":1},"end":{"line":41,"column":2}},"loc":{"start":{"line":39,"column":1},"end":{"line":41,"column":2}},"line":39},"2":{"name":"impersonate","decl":{"start":{"line":54,"column":1},"end":{"line":75,"column":2}},"loc":{"start":{"line":54,"column":1},"end":{"line":75,"column":2}},"line":54}},"f":{"0":9,"1":2,"2":3}}
,"/home/dennis/Desktop/code/npm/typed-pocketbase/src/filter.ts": {"path":"/home/dennis/Desktop/code/npm/typed-pocketbase/src/filter.ts","all":false,"statementMap":{"35":{"start":{"line":36,"column":0},"end":{"line":36,"column":73}},"36":{"start":{"line":37,"column":0},"end":{"line":37,"column":25}},"37":{"start":{"line":38,"column":0},"end":{"line":38,"column":47}},"38":{"start":{"line":39,"column":0},"end":{"line":39,"column":23}},"39":{"start":{"line":40,"column":0},"end":{"line":40,"column":32}},"40":{"start":{"line":41,"column":0},"end":{"line":41,"column":45}},"41":{"start":{"line":42,"column":0},"end":{"line":42,"column":27}},"42":{"start":{"line":43,"column":0},"end":{"line":43,"column":15}},"43":{"start":{"line":44,"column":0},"end":{"line":44,"column":34}},"44":{"start":{"line":45,"column":0},"end":{"line":45,"column":56}},"45":{"start":{"line":46,"column":0},"end":{"line":46,"column":9}},"46":{"start":{"line":47,"column":0},"end":{"line":47,"column":61}},"47":{"start":{"line":48,"column":0},"end":{"line":48,"column":2}},"49":{"start":{"line":50,"column":0},"end":{"line":50,"column":38}},"50":{"start":{"line":51,"column":0},"end":{"line":51,"column":1}},"52":{"start":{"line":53,"column":0},"end":{"line":53,"column":69}},"53":{"start":{"line":54,"column":0},"end":{"line":54,"column":26}},"54":{"start":{"line":55,"column":0},"end":{"line":55,"column":70}},"55":{"start":{"line":56,"column":0},"end":{"line":56,"column":1}},"57":{"start":{"line":58,"column":0},"end":{"line":58,"column":58}},"58":{"start":{"line":59,"column":0},"end":{"line":59,"column":60}},"59":{"start":{"line":60,"column":0},"end":{"line":60,"column":1}},"61":{"start":{"line":62,"column":0},"end":{"line":62,"column":42}},"62":{"start":{"line":63,"column":0},"end":{"line":63,"column":24}},"63":{"start":{"line":64,"column":0},"end":{"line":64,"column":19}},"64":{"start":{"line":65,"column":0},"end":{"line":65,"column":52}},"65":{"start":{"line":66,"column":0},"end":{"line":66,"column":28}},"66":{"start":{"line":67,"column":0},"end":{"line":67,"column":19}},"67":{"start":{"line":68,"column":0},"end":{"line":68,"column":1}},"69":{"start":{"line":70,"column":0},"end":{"line":70,"column":41}},"70":{"start":{"line":71,"column":0},"end":{"line":71,"column":24}},"71":{"start":{"line":72,"column":0},"end":{"line":72,"column":19}},"72":{"start":{"line":73,"column":0},"end":{"line":73,"column":52}},"73":{"start":{"line":74,"column":0},"end":{"line":74,"column":28}},"74":{"start":{"line":75,"column":0},"end":{"line":75,"column":19}},"75":{"start":{"line":76,"column":0},"end":{"line":76,"column":1}},"77":{"start":{"line":78,"column":0},"end":{"line":78,"column":62}},"78":{"start":{"line":79,"column":0},"end":{"line":79,"column":13}},"79":{"start":{"line":80,"column":0},"end":{"line":80,"column":14}},"80":{"start":{"line":81,"column":0},"end":{"line":81,"column":19}},"81":{"start":{"line":82,"column":0},"end":{"line":82,"column":51}},"82":{"start":{"line":83,"column":0},"end":{"line":83,"column":1}},"84":{"start":{"line":85,"column":0},"end":{"line":85,"column":63}},"85":{"start":{"line":86,"column":0},"end":{"line":86,"column":13}},"86":{"start":{"line":87,"column":0},"end":{"line":87,"column":14}},"87":{"start":{"line":88,"column":0},"end":{"line":88,"column":19}},"88":{"start":{"line":89,"column":0},"end":{"line":89,"column":52}},"89":{"start":{"line":90,"column":0},"end":{"line":90,"column":1}},"91":{"start":{"line":92,"column":0},"end":{"line":92,"column":62}},"92":{"start":{"line":93,"column":0},"end":{"line":93,"column":13}},"93":{"start":{"line":94,"column":0},"end":{"line":94,"column":14}},"94":{"start":{"line":95,"column":0},"end":{"line":95,"column":19}},"95":{"start":{"line":96,"column":0},"end":{"line":96,"column":51}},"96":{"start":{"line":97,"column":0},"end":{"line":97,"column":1}},"98":{"start":{"line":99,"column":0},"end":{"line":99,"column":63}},"99":{"start":{"line":100,"column":0},"end":{"line":100,"column":13}},"100":{"start":{"line":101,"column":0},"end":{"line":101,"column":14}},"101":{"start":{"line":102,"column":0},"end":{"line":102,"column":19}},"102":{"start":{"line":103,"column":0},"end":{"line":103,"column":52}},"103":{"start":{"line":104,"column":0},"end":{"line":104,"column":1}},"105":{"start":{"line":106,"column":0},"end":{"line":106,"column":62}},"106":{"start":{"line":107,"column":0},"end":{"line":107,"column":13}},"107":{"start":{"line":108,"column":0},"end":{"line":108,"column":14}},"108":{"start":{"line":109,"column":0},"end":{"line":109,"column":19}},"109":{"start":{"line":110,"column":0},"end":{"line":110,"column":51}},"110":{"start":{"line":111,"column":0},"end":{"line":111,"column":1}},"112":{"start":{"line":113,"column":0},"end":{"line":113,"column":63}},"113":{"start":{"line":114,"column":0},"end":{"line":114,"column":13}},"114":{"start":{"line":115,"column":0},"end":{"line":115,"column":14}},"115":{"start":{"line":116,"column":0},"end":{"line":116,"column":19}},"116":{"start":{"line":117,"column":0},"end":{"line":117,"column":52}},"117":{"start":{"line":118,"column":0},"end":{"line":118,"column":1}},"119":{"start":{"line":120,"column":0},"end":{"line":120,"column":64}},"120":{"start":{"line":121,"column":0},"end":{"line":121,"column":13}},"121":{"start":{"line":122,"column":0},"end":{"line":122,"column":14}},"122":{"start":{"line":123,"column":0},"end":{"line":123,"column":19}},"123":{"start":{"line":124,"column":0},"end":{"line":124,"column":51}},"124":{"start":{"line":125,"column":0},"end":{"line":125,"column":1}},"126":{"start":{"line":127,"column":0},"end":{"line":127,"column":65}},"127":{"start":{"line":128,"column":0},"end":{"line":128,"column":13}},"128":{"start":{"line":129,"column":0},"end":{"line":129,"column":14}},"129":{"start":{"line":130,"column":0},"end":{"line":130,"column":19}},"130":{"start":{"line":131,"column":0},"end":{"line":131,"column":52}},"131":{"start":{"line":132,"column":0},"end":{"line":132,"column":1}}},"s":{"35":1,"36":39,"37":39,"38":15,"39":39,"40":18,"41":21,"42":2,"43":6,"44":2,"45":2,"46":2,"47":2,"49":39,"50":39,"52":1,"53":31,"54":31,"55":31,"57":1,"58":12,"59":12,"61":1,"62":6,"63":6,"64":6,"65":6,"66":5,"67":5,"69":1,"70":5,"71":5,"72":5,"73":5,"74":4,"75":4,"77":1,"78":14,"79":14,"80":14,"81":14,"82":14,"84":1,"85":1,"86":1,"87":1,"88":1,"89":1,"91":1,"92":4,"93":4,"94":4,"95":4,"96":4,"98":1,"99":2,"100":2,"101":2,"102":2,"103":2,"105":1,"106":2,"107":2,"108":2,"109":2,"110":2,"112":1,"113":1,"114":1,"115":1,"116":1,"117":1,"119":1,"120":3,"121":3,"122":3,"123":3,"124":3,"126":1,"127":1,"128":1,"129":1,"130":1,"131":1},"branchMap":{"0":{"type":"branch","line":36,"loc":{"start":{"line":36,"column":7},"end":{"line":51,"column":1}},"locations":[{"start":{"line":36,"column":7},"end":{"line":51,"column":1}}]},"1":{"type":"branch","line":38,"loc":{"start":{"line":38,"column":14},"end":{"line":38,"column":46}},"locations":[{"start":{"line":38,"column":14},"end":{"line":38,"column":46}}]},"2":{"type":"branch","line":38,"loc":{"start":{"line":38,"column":46},"end":{"line":40,"column":12}},"locations":[{"start":{"line":38,"column":46},"end":{"line":40,"column":12}}]},"3":{"type":"branch","line":40,"loc":{"start":{"line":40,"column":1},"end":{"line":48,"column":2}},"locations":[{"start":{"line":40,"column":1},"end":{"line":48,"column":2}}]},"4":{"type":"branch","line":40,"loc":{"start":{"line":40,"column":31},"end":{"line":48,"column":2}},"locations":[{"start":{"line":40,"column":31},"end":{"line":48,"column":2}}]},"5":{"type":"branch","line":40,"loc":{"start":{"line":40,"column":31},"end":{"line":42,"column":12}},"locations":[{"start":{"line":40,"column":31},"end":{"line":42,"column":12}}]},"6":{"type":"branch","line":42,"loc":{"start":{"line":42,"column":1},"end":{"line":48,"column":2}},"locations":[{"start":{"line":42,"column":1},"end":{"line":48,"column":2}}]},"7":{"type":"branch","line":42,"loc":{"start":{"line":42,"column":26},"end":{"line":44,"column":12}},"locations":[{"start":{"line":42,"column":26},"end":{"line":44,"column":12}}]},"8":{"type":"branch","line":44,"loc":{"start":{"line":44,"column":1},"end":{"line":48,"column":2}},"locations":[{"start":{"line":44,"column":1},"end":{"line":48,"column":2}}]},"9":{"type":"branch","line":44,"loc":{"start":{"line":44,"column":33},"end":{"line":48,"column":2}},"locations":[{"start":{"line":44,"column":33},"end":{"line":48,"column":2}}]},"10":{"type":"branch","line":53,"loc":{"start":{"line":53,"column":7},"end":{"line":56,"column":1}},"locations":[{"start":{"line":53,"column":7},"end":{"line":56,"column":1}}]},"11":{"type":"branch","line":54,"loc":{"start":{"line":54,"column":14},"end":{"line":54,"column":26}},"locations":[{"start":{"line":54,"column":14},"end":{"line":54,"column":26}}]},"12":{"type":"branch","line":54,"loc":{"start":{"line":54,"column":21},"end":{"line":55,"column":32}},"locations":[{"start":{"line":54,"column":21},"end":{"line":55,"column":32}}]},"13":{"type":"branch","line":55,"loc":{"start":{"line":55,"column":28},"end":{"line":55,"column":63}},"locations":[{"start":{"line":55,"column":28},"end":{"line":55,"column":63}}]},"14":{"type":"branch","line":55,"loc":{"start":{"line":55,"column":59},"end":{"line":55,"column":70}},"locations":[{"start":{"line":55,"column":59},"end":{"line":55,"column":70}}]},"15":{"type":"branch","line":58,"loc":{"start":{"line":58,"column":7},"end":{"line":60,"column":1}},"locations":[{"start":{"line":58,"column":7},"end":{"line":60,"column":1}}]},"16":{"type":"branch","line":59,"loc":{"start":{"line":59,"column":23},"end":{"line":59,"column":37}},"locations":[{"start":{"line":59,"column":23},"end":{"line":59,"column":37}}]},"17":{"type":"branch","line":62,"loc":{"start":{"line":62,"column":7},"end":{"line":68,"column":1}},"locations":[{"start":{"line":62,"column":7},"end":{"line":68,"column":1}}]},"18":{"type":"branch","line":66,"loc":{"start":{"line":66,"column":18},"end":{"line":66,"column":28}},"locations":[{"start":{"line":66,"column":18},"end":{"line":66,"column":28}}]},"19":{"type":"branch","line":66,"loc":{"start":{"line":66,"column":25},"end":{"line":68,"column":1}},"locations":[{"start":{"line":66,"column":25},"end":{"line":68,"column":1}}]},"20":{"type":"branch","line":70,"loc":{"start":{"line":70,"column":7},"end":{"line":76,"column":1}},"locations":[{"start":{"line":70,"column":7},"end":{"line":76,"column":1}}]},"21":{"type":"branch","line":74,"loc":{"start":{"line":74,"column":18},"end":{"line":74,"column":28}},"locations":[{"start":{"line":74,"column":18},"end":{"line":74,"column":28}}]},"22":{"type":"branch","line":74,"loc":{"start":{"line":74,"column":25},"end":{"line":76,"column":1}},"locations":[{"start":{"line":74,"column":25},"end":{"line":76,"column":1}}]},"23":{"type":"branch","line":78,"loc":{"start":{"line":78,"column":7},"end":{"line":83,"column":1}},"locations":[{"start":{"line":78,"column":7},"end":{"line":83,"column":1}}]},"24":{"type":"branch","line":85,"loc":{"start":{"line":85,"column":7},"end":{"line":90,"column":1}},"locations":[{"start":{"line":85,"column":7},"end":{"line":90,"column":1}}]},"25":{"type":"branch","line":92,"loc":{"start":{"line":92,"column":7},"end":{"line":97,"column":1}},"locations":[{"start":{"line":92,"column":7},"end":{"line":97,"column":1}}]},"26":{"type":"branch","line":99,"loc":{"start":{"line":99,"column":7},"end":{"line":104,"column":1}},"locations":[{"start":{"line":99,"column":7},"end":{"line":104,"column":1}}]},"27":{"type":"branch","line":106,"loc":{"start":{"line":106,"column":7},"end":{"line":111,"column":1}},"locations":[{"start":{"line":106,"column":7},"end":{"line":111,"column":1}}]},"28":{"type":"branch","line":113,"loc":{"start":{"line":113,"column":7},"end":{"line":118,"column":1}},"locations":[{"start":{"line":113,"column":7},"end":{"line":118,"column":1}}]},"29":{"type":"branch","line":120,"loc":{"start":{"line":120,"column":7},"end":{"line":125,"column":1}},"locations":[{"start":{"line":120,"column":7},"end":{"line":125,"column":1}}]},"30":{"type":"branch","line":127,"loc":{"start":{"line":127,"column":7},"end":{"line":132,"column":1}},"locations":[{"start":{"line":127,"column":7},"end":{"line":132,"column":1}}]}},"b":{"0":[39],"1":[34],"2":[15],"3":[24],"4":[21],"5":[18],"6":[6],"7":[2],"8":[4],"9":[2],"10":[31],"11":[3],"12":[28],"13":[3],"14":[25],"15":[12],"16":[35],"17":[6],"18":[1],"19":[5],"20":[5],"21":[1],"22":[4],"23":[14],"24":[1],"25":[4],"26":[2],"27":[2],"28":[1],"29":[3],"30":[1]},"fnMap":{"0":{"name":"serializeFilterTuple","decl":{"start":{"line":36,"column":7},"end":{"line":51,"column":1}},"loc":{"start":{"line":36,"column":7},"end":{"line":51,"column":1}},"line":36},"1":{"name":"serializeFilter","decl":{"start":{"line":53,"column":7},"end":{"line":56,"column":1}},"loc":{"start":{"line":53,"column":7},"end":{"line":56,"column":1}},"line":53},"2":{"name":"serializeFilters","decl":{"start":{"line":58,"column":7},"end":{"line":60,"column":1}},"loc":{"start":{"line":58,"column":7},"end":{"line":60,"column":1}},"line":58},"3":{"name":"and","decl":{"start":{"line":62,"column":7},"end":{"line":68,"column":1}},"loc":{"start":{"line":62,"column":7},"end":{"line":68,"column":1}},"line":62},"4":{"name":"or","decl":{"start":{"line":70,"column":7},"end":{"line":76,"column":1}},"loc":{"start":{"line":70,"column":7},"end":{"line":76,"column":1}},"line":70},"5":{"name":"eq","decl":{"start":{"line":78,"column":7},"end":{"line":83,"column":1}},"loc":{"start":{"line":78,"column":7},"end":{"line":83,"column":1}},"line":78},"6":{"name":"neq","decl":{"start":{"line":85,"column":7},"end":{"line":90,"column":1}},"loc":{"start":{"line":85,"column":7},"end":{"line":90,"column":1}},"line":85},"7":{"name":"gt","decl":{"start":{"line":92,"column":7},"end":{"line":97,"column":1}},"loc":{"start":{"line":92,"column":7},"end":{"line":97,"column":1}},"line":92},"8":{"name":"gte","decl":{"start":{"line":99,"column":7},"end":{"line":104,"column":1}},"loc":{"start":{"line":99,"column":7},"end":{"line":104,"column":1}},"line":99},"9":{"name":"lt","decl":{"start":{"line":106,"column":7},"end":{"line":111,"column":1}},"loc":{"start":{"line":106,"column":7},"end":{"line":111,"column":1}},"line":106},"10":{"name":"lte","decl":{"start":{"line":113,"column":7},"end":{"line":118,"column":1}},"loc":{"start":{"line":113,"column":7},"end":{"line":118,"column":1}},"line":113},"11":{"name":"like","decl":{"start":{"line":120,"column":7},"end":{"line":125,"column":1}},"loc":{"start":{"line":120,"column":7},"end":{"line":125,"column":1}},"line":120},"12":{"name":"nlike","decl":{"start":{"line":127,"column":7},"end":{"line":132,"column":1}},"loc":{"start":{"line":127,"column":7},"end":{"line":132,"column":1}},"line":127}},"f":{"0":39,"1":31,"2":12,"3":6,"4":5,"5":14,"6":1,"7":4,"8":2,"9":2,"10":1,"11":3,"12":1}}
,"/home/dennis/Desktop/code/npm/typed-pocketbase/src/index.ts": {"path":"/home/dennis/Desktop/code/npm/typed-pocketbase/src/index.ts","all":true,"statementMap":{"0":{"start":{"line":1,"column":0},"end":{"line":1,"column":13}}},"s":{"0":0},"branchMap":{"0":{"type":"branch","line":1,"loc":{"start":{"line":1,"column":573},"end":{"line":28,"column":46}},"locations":[{"start":{"line":1,"column":573},"end":{"line":28,"column":46}}]}},"b":{"0":[0]},"fnMap":{"0":{"name":"(empty-report)","decl":{"start":{"line":1,"column":573},"end":{"line":28,"column":46}},"loc":{"start":{"line":1,"column":573},"end":{"line":28,"column":46}},"line":1}},"f":{"0":0}}
,"/home/dennis/Desktop/code/npm/typed-pocketbase/src/select.ts": {"path":"/home/dennis/Desktop/code/npm/typed-pocketbase/src/select.ts","all":false,"statementMap":{"67":{"start":{"line":68,"column":0},"end":{"line":68,"column":44}},"68":{"start":{"line":69,"column":0},"end":{"line":69,"column":32}},"69":{"start":{"line":70,"column":0},"end":{"line":70,"column":33}},"71":{"start":{"line":72,"column":0},"end":{"line":72,"column":14}},"72":{"start":{"line":73,"column":0},"end":{"line":73,"column":20}},"73":{"start":{"line":74,"column":0},"end":{"line":74,"column":46}},"74":{"start":{"line":75,"column":0},"end":{"line":75,"column":31}},"75":{"start":{"line":76,"column":0},"end":{"line":76,"column":30}},"76":{"start":{"line":77,"column":0},"end":{"line":77,"column":5}},"77":{"start":{"line":78,"column":0},"end":{"line":78,"column":40}},"78":{"start":{"line":79,"column":0},"end":{"line":79,"column":53}},"79":{"start":{"line":80,"column":0},"end":{"line":80,"column":11}},"80":{"start":{"line":81,"column":0},"end":{"line":81,"column":29}},"81":{"start":{"line":82,"column":0},"end":{"line":82,"column":21}},"82":{"start":{"line":83,"column":0},"end":{"line":83,"column":55}},"83":{"start":{"line":84,"column":0},"end":{"line":84,"column":6}},"84":{"start":{"line":85,"column":0},"end":{"line":85,"column":5}},"85":{"start":{"line":86,"column":0},"end":{"line":86,"column":4}},"87":{"start":{"line":88,"column":0},"end":{"line":88,"column":16}},"88":{"start":{"line":89,"column":0},"end":{"line":89,"column":31}},"89":{"start":{"line":90,"column":0},"end":{"line":90,"column":29}},"90":{"start":{"line":91,"column":0},"end":{"line":91,"column":24}},"91":{"start":{"line":92,"column":0},"end":{"line":92,"column":56}},"92":{"start":{"line":93,"column":0},"end":{"line":93,"column":21}},"93":{"start":{"line":94,"column":0},"end":{"line":94,"column":54}},"94":{"start":{"line":95,"column":0},"end":{"line":95,"column":8}},"95":{"start":{"line":96,"column":0},"end":{"line":96,"column":22}},"96":{"start":{"line":97,"column":0},"end":{"line":97,"column":56}},"97":{"start":{"line":98,"column":0},"end":{"line":98,"column":14}},"98":{"start":{"line":99,"column":0},"end":{"line":99,"column":11}},"99":{"start":{"line":100,"column":0},"end":{"line":100,"column":40}},"100":{"start":{"line":101,"column":0},"end":{"line":101,"column":29}},"101":{"start":{"line":102,"column":0},"end":{"line":102,"column":8}},"102":{"start":{"line":103,"column":0},"end":{"line":103,"column":6}},"103":{"start":{"line":104,"column":0},"end":{"line":104,"column":5}},"104":{"start":{"line":105,"column":0},"end":{"line":105,"column":4}},"105":{"start":{"line":106,"column":0},"end":{"line":106,"column":13}},"106":{"start":{"line":107,"column":0},"end":{"line":107,"column":9}},"107":{"start":{"line":108,"column":0},"end":{"line":108,"column":22}},"108":{"start":{"line":109,"column":0},"end":{"line":109,"column":2}},"110":{"start":{"line":111,"column":0},"end":{"line":111,"column":9}},"111":{"start":{"line":112,"column":0},"end":{"line":112,"column":30}},"112":{"start":{"line":113,"column":0},"end":{"line":113,"column":30}},"113":{"start":{"line":114,"column":0},"end":{"line":114,"column":3}},"114":{"start":{"line":115,"column":0},"end":{"line":115,"column":1}}},"s":{"67":1,"68":15,"69":15,"71":15,"72":14,"73":24,"74":24,"75":24,"76":24,"77":24,"78":3,"79":24,"80":21,"81":47,"82":45,"83":45,"84":47,"85":21,"87":24,"88":13,"89":16,"90":16,"91":5,"92":5,"93":5,"94":5,"95":16,"96":10,"97":10,"98":10,"99":10,"100":10,"101":10,"102":10,"103":16,"104":13,"105":14,"106":15,"107":1,"108":1,"110":15,"111":15,"112":15,"113":15,"114":15},"branchMap":{"0":{"type":"branch","line":68,"loc":{"start":{"line":68,"column":7},"end":{"line":115,"column":1}},"locations":[{"start":{"line":68,"column":7},"end":{"line":115,"column":1}}]},"1":{"type":"branch","line":72,"loc":{"start":{"line":72,"column":13},"end":{"line":107,"column":8}},"locations":[{"start":{"line":72,"column":13},"end":{"line":107,"column":8}}]},"2":{"type":"branch","line":107,"loc":{"start":{"line":107,"column":1},"end":{"line":109,"column":2}},"locations":[{"start":{"line":107,"column":1},"end":{"line":109,"column":2}}]},"3":{"type":"branch","line":73,"loc":{"start":{"line":73,"column":3},"end":{"line":106,"column":5}},"locations":[{"start":{"line":73,"column":3},"end":{"line":106,"column":5}}]},"4":{"type":"branch","line":78,"loc":{"start":{"line":78,"column":39},"end":{"line":80,"column":10}},"locations":[{"start":{"line":78,"column":39},"end":{"line":80,"column":10}}]},"5":{"type":"branch","line":80,"loc":{"start":{"line":80,"column":3},"end":{"line":86,"column":4}},"locations":[{"start":{"line":80,"column":3},"end":{"line":86,"column":4}}]},"6":{"type":"branch","line":81,"loc":{"start":{"line":81,"column":28},"end":{"line":85,"column":5}},"locations":[{"start":{"line":81,"column":28},"end":{"line":85,"column":5}}]},"7":{"type":"branch","line":82,"loc":{"start":{"line":82,"column":20},"end":{"line":84,"column":6}},"locations":[{"start":{"line":82,"column":20},"end":{"line":84,"column":6}}]},"8":{"type":"branch","line":88,"loc":{"start":{"line":88,"column":15},"end":{"line":105,"column":4}},"locations":[{"start":{"line":88,"column":15},"end":{"line":105,"column":4}}]},"9":{"type":"branch","line":89,"loc":{"start":{"line":89,"column":30},"end":{"line":104,"column":5}},"locations":[{"start":{"line":89,"column":30},"end":{"line":104,"column":5}}]},"10":{"type":"branch","line":91,"loc":{"start":{"line":91,"column":23},"end":{"line":96,"column":16}},"locations":[{"start":{"line":91,"column":23},"end":{"line":96,"column":16}}]},"11":{"type":"branch","line":96,"loc":{"start":{"line":96,"column":5},"end":{"line":103,"column":6}},"locations":[{"start":{"line":96,"column":5},"end":{"line":103,"column":6}}]},"12":{"type":"branch","line":96,"loc":{"start":{"line":96,"column":21},"end":{"line":103,"column":6}},"locations":[{"start":{"line":96,"column":21},"end":{"line":103,"column":6}}]}},"b":{"0":[15],"1":[14],"2":[1],"3":[24],"4":[3],"5":[21],"6":[47],"7":[45],"8":[13],"9":[16],"10":[5],"11":[11],"12":[10]},"fnMap":{"0":{"name":"resolveSelect","decl":{"start":{"line":68,"column":7},"end":{"line":115,"column":1}},"loc":{"start":{"line":68,"column":7},"end":{"line":115,"column":1}},"line":68},"1":{"name":"recurse","decl":{"start":{"line":73,"column":3},"end":{"line":106,"column":5}},"loc":{"start":{"line":73,"column":3},"end":{"line":106,"column":5}},"line":73}},"f":{"0":15,"1":24}}
,"/home/dennis/Desktop/code/npm/typed-pocketbase/src/sort.ts": {"path":"/home/dennis/Desktop/code/npm/typed-pocketbase/src/sort.ts","all":true,"statementMap":{},"s":{},"branchMap":{"0":{"type":"branch","line":1,"loc":{"start":{"line":1,"column":155},"end":{"line":7,"column":13}},"locations":[{"start":{"line":1,"column":155},"end":{"line":7,"column":13}}]}},"b":{"0":[1]},"fnMap":{"0":{"name":"(empty-report)","decl":{"start":{"line":1,"column":155},"end":{"line":7,"column":13}},"loc":{"start":{"line":1,"column":155},"end":{"line":7,"column":13}},"line":1}},"f":{"0":1}}
,"/home/dennis/Desktop/code/npm/typed-pocketbase/src/types.ts": {"path":"/home/dennis/Desktop/code/npm/typed-pocketbase/src/types.ts","all":true,"statementMap":{},"s":{},"branchMap":{"0":{"type":"branch","line":1,"loc":{"start":{"line":1,"column":2805},"end":{"line":110,"column":68}},"locations":[{"start":{"line":1,"column":2805},"end":{"line":110,"column":68}}]}},"b":{"0":[1]},"fnMap":{"0":{"name":"(empty-report)","decl":{"start":{"line":1,"column":2805},"end":{"line":110,"column":68}},"loc":{"start":{"line":1,"column":2805},"end":{"line":110,"column":68}},"line":1}},"f":{"0":1}}
,"/home/dennis/Desktop/code/npm/typed-pocketbase/src/client/batch-service.ts": {"path":"/home/dennis/Desktop/code/npm/typed-pocketbase/src/client/batch-service.ts","all":false,"statementMap":{"4":{"start":{"line":5,"column":0},"end":{"line":5,"column":55}},"5":{"start":{"line":6,"column":0},"end":{"line":6,"column":29}},"12":{"start":{"line":13,"column":0},"end":{"line":13,"column":51}},"13":{"start":{"line":14,"column":0},"end":{"line":14,"column":32}},"14":{"start":{"line":15,"column":0},"end":{"line":15,"column":2}},"23":{"start":{"line":24,"column":0},"end":{"line":24,"column":43}},"24":{"start":{"line":25,"column":0},"end":{"line":25,"column":22}},"25":{"start":{"line":26,"column":0},"end":{"line":26,"column":50}},"26":{"start":{"line":27,"column":0},"end":{"line":27,"column":73}},"27":{"start":{"line":28,"column":0},"end":{"line":28,"column":2}},"37":{"start":{"line":38,"column":0},"end":{"line":38,"column":66}},"38":{"start":{"line":39,"column":0},"end":{"line":39,"column":34}},"39":{"start":{"line":40,"column":0},"end":{"line":40,"column":2}},"40":{"start":{"line":41,"column":0},"end":{"line":41,"column":1}},"42":{"start":{"line":43,"column":0},"end":{"line":43,"column":73}},"43":{"start":{"line":44,"column":0},"end":{"line":44,"column":54}},"51":{"start":{"line":52,"column":0},"end":{"line":52,"column":74}},"52":{"start":{"line":53,"column":0},"end":{"line":53,"column":55}},"53":{"start":{"line":54,"column":0},"end":{"line":54,"column":2}},"60":{"start":{"line":61,"column":0},"end":{"line":61,"column":12}},"61":{"start":{"line":62,"column":0},"end":{"line":62,"column":37}},"62":{"start":{"line":63,"column":0},"end":{"line":63,"column":25}},"63":{"start":{"line":64,"column":0},"end":{"line":64,"column":10}},"64":{"start":{"line":65,"column":0},"end":{"line":65,"column":42}},"65":{"start":{"line":66,"column":0},"end":{"line":66,"column":47}},"66":{"start":{"line":67,"column":0},"end":{"line":67,"column":4}},"67":{"start":{"line":68,"column":0},"end":{"line":68,"column":2}},"75":{"start":{"line":76,"column":0},"end":{"line":76,"column":8}},"76":{"start":{"line":77,"column":0},"end":{"line":77,"column":13}},"77":{"start":{"line":78,"column":0},"end":{"line":78,"column":35}},"78":{"start":{"line":79,"column":0},"end":{"line":79,"column":25}},"79":{"start":{"line":80,"column":0},"end":{"line":80,"column":10}},"80":{"start":{"line":81,"column":0},"end":{"line":81,"column":59}},"81":{"start":{"line":82,"column":0},"end":{"line":82,"column":2}},"89":{"start":{"line":90,"column":0},"end":{"line":90,"column":12}},"90":{"start":{"line":91,"column":0},"end":{"line":91,"column":13}},"91":{"start":{"line":92,"column":0},"end":{"line":92,"column":37}},"92":{"start":{"line":93,"column":0},"end":{"line":93,"column":25}},"93":{"start":{"line":94,"column":0},"end":{"line":94,"column":10}},"95":{"start":{"line":96,"column":0},"end":{"line":96,"column":42}},"96":{"start":{"line":97,"column":0},"end":{"line":97,"column":51}},"97":{"start":{"line":98,"column":0},"end":{"line":98,"column":4}},"98":{"start":{"line":99,"column":0},"end":{"line":99,"column":2}},"107":{"start":{"line":108,"column":0},"end":{"line":108,"column":8}},"108":{"start":{"line":109,"column":0},"end":{"line":109,"column":61}},"109":{"start":{"line":110,"column":0},"end":{"line":110,"column":23}},"110":{"start":{"line":111,"column":0},"end":{"line":111,"column":10}},"111":{"start":{"line":112,"column":0},"end":{"line":112,"column":58}},"112":{"start":{"line":113,"column":0},"end":{"line":113,"column":2}},"121":{"start":{"line":122,"column":0},"end":{"line":122,"column":12}},"122":{"start":{"line":123,"column":0},"end":{"line":123,"column":63}},"123":{"start":{"line":124,"column":0},"end":{"line":124,"column":23}},"124":{"start":{"line":125,"column":0},"end":{"line":125,"column":3}},"126":{"start":{"line":127,"column":0},"end":{"line":127,"column":42}},"127":{"start":{"line":128,"column":0},"end":{"line":128,"column":50}},"128":{"start":{"line":129,"column":0},"end":{"line":129,"column":4}},"129":{"start":{"line":130,"column":0},"end":{"line":130,"column":2}},"137":{"start":{"line":138,"column":0},"end":{"line":138,"column":54}},"138":{"start":{"line":139,"column":0},"end":{"line":139,"column":47}},"139":{"start":{"line":140,"column":0},"end":{"line":140,"column":2}},"147":{"start":{"line":148,"column":0},"end":{"line":148,"column":61}},"149":{"start":{"line":150,"column":0},"end":{"line":150,"column":68}},"150":{"start":{"line":151,"column":0},"end":{"line":151,"column":2}},"160":{"start":{"line":161,"column":0},"end":{"line":161,"column":74}},"161":{"start":{"line":162,"column":0},"end":{"line":162,"column":55}},"162":{"start":{"line":163,"column":0},"end":{"line":163,"column":2}},"163":{"start":{"line":164,"column":0},"end":{"line":164,"column":1}}},"s":{"4":1,"5":5,"12":5,"13":5,"14":5,"23":5,"24":3,"25":3,"26":3,"27":3,"37":5,"38":1,"39":1,"40":5,"42":1,"43":1,"51":1,"52":2,"53":2,"60":1,"61":2,"62":2,"63":2,"64":2,"65":4,"66":2,"67":2,"75":1,"76":2,"77":2,"78":2,"79":2,"80":2,"81":2,"89":1,"90":1,"91":1,"92":1,"93":1,"95":1,"96":2,"97":1,"98":1,"107":1,"108":1,"109":1,"110":1,"111":1,"112":1,"121":1,"122":1,"123":1,"124":1,"126":1,"127":2,"128":1,"129":1,"137":1,"138":2,"139":2,"147":1,"149":1,"150":1,"160":1,"161":1,"162":1,"163":1},"branchMap":{"0":{"type":"branch","line":5,"loc":{"start":{"line":5,"column":54},"end":{"line":41,"column":1}},"locations":[{"start":{"line":5,"column":54},"end":{"line":41,"column":1}}]},"1":{"type":"branch","line":13,"loc":{"start":{"line":13,"column":1},"end":{"line":15,"column":2}},"locations":[{"start":{"line":13,"column":1},"end":{"line":15,"column":2}}]},"2":{"type":"branch","line":24,"loc":{"start":{"line":24,"column":1},"end":{"line":28,"column":2}},"locations":[{"start":{"line":24,"column":1},"end":{"line":28,"column":2}}]},"3":{"type":"branch","line":38,"loc":{"start":{"line":38,"column":1},"end":{"line":40,"column":2}},"locations":[{"start":{"line":38,"column":1},"end":{"line":40,"column":2}}]},"4":{"type":"branch","line":44,"loc":{"start":{"line":44,"column":1},"end":{"line":44,"column":54}},"locations":[{"start":{"line":44,"column":1},"end":{"line":44,"column":54}}]},"5":{"type":"branch","line":52,"loc":{"start":{"line":52,"column":1},"end":{"line":54,"column":2}},"locations":[{"start":{"line":52,"column":1},"end":{"line":54,"column":2}}]},"6":{"type":"branch","line":61,"loc":{"start":{"line":61,"column":1},"end":{"line":68,"column":2}},"locations":[{"start":{"line":61,"column":1},"end":{"line":68,"column":2}}]},"7":{"type":"branch","line":65,"loc":{"start":{"line":65,"column":28},"end":{"line":66,"column":47}},"locations":[{"start":{"line":65,"column":28},"end":{"line":66,"column":47}}]},"8":{"type":"branch","line":76,"loc":{"start":{"line":76,"column":1},"end":{"line":82,"column":2}},"locations":[{"start":{"line":76,"column":1},"end":{"line":82,"column":2}}]},"9":{"type":"branch","line":90,"loc":{"start":{"line":90,"column":1},"end":{"line":99,"column":2}},"locations":[{"start":{"line":90,"column":1},"end":{"line":99,"column":2}}]},"10":{"type":"branch","line":96,"loc":{"start":{"line":96,"column":28},"end":{"line":97,"column":51}},"locations":[{"start":{"line":96,"column":28},"end":{"line":97,"column":51}}]},"11":{"type":"branch","line":108,"loc":{"start":{"line":108,"column":1},"end":{"line":113,"column":2}},"locations":[{"start":{"line":108,"column":1},"end":{"line":113,"column":2}}]},"12":{"type":"branch","line":122,"loc":{"start":{"line":122,"column":1},"end":{"line":130,"column":2}},"locations":[{"start":{"line":122,"column":1},"end":{"line":130,"column":2}}]},"13":{"type":"branch","line":127,"loc":{"start":{"line":127,"column":28},"end":{"line":128,"column":50}},"locations":[{"start":{"line":127,"column":28},"end":{"line":128,"column":50}}]},"14":{"type":"branch","line":138,"loc":{"start":{"line":138,"column":1},"end":{"line":140,"column":2}},"locations":[{"start":{"line":138,"column":1},"end":{"line":140,"column":2}}]},"15":{"type":"branch","line":148,"loc":{"start":{"line":148,"column":1},"end":{"line":151,"column":2}},"locations":[{"start":{"line":148,"column":1},"end":{"line":151,"column":2}}]},"16":{"type":"branch","line":150,"loc":{"start":{"line":150,"column":21},"end":{"line":150,"column":66}},"locations":[{"start":{"line":150,"column":21},"end":{"line":150,"column":66}}]},"17":{"type":"branch","line":161,"loc":{"start":{"line":161,"column":1},"end":{"line":163,"column":2}},"locations":[{"start":{"line":161,"column":1},"end":{"line":163,"column":2}}]}},"b":{"0":[5],"1":[5],"2":[3],"3":[1],"4":[12],"5":[2],"6":[2],"7":[4],"8":[2],"9":[1],"10":[2],"11":[1],"12":[1],"13":[2],"14":[2],"15":[1],"16":[3],"17":[1]},"fnMap":{"0":{"name":"<instance_members_initializer>","decl":{"start":{"line":5,"column":54},"end":{"line":41,"column":1}},"loc":{"start":{"line":5,"column":54},"end":{"line":41,"column":1}},"line":5},"1":{"name":"TypedBatch","decl":{"start":{"line":13,"column":1},"end":{"line":15,"column":2}},"loc":{"start":{"line":13,"column":1},"end":{"line":15,"column":2}},"line":13},"2":{"name":"from","decl":{"start":{"line":24,"column":1},"end":{"line":28,"column":2}},"loc":{"start":{"line":24,"column":1},"end":{"line":28,"column":2}},"line":24},"3":{"name":"send","decl":{"start":{"line":38,"column":1},"end":{"line":40,"column":2}},"loc":{"start":{"line":38,"column":1},"end":{"line":40,"column":2}},"line":38},"4":{"name":"TypedBatchCollection","decl":{"start":{"line":44,"column":1},"end":{"line":44,"column":54}},"loc":{"start":{"line":44,"column":1},"end":{"line":44,"column":54}},"line":44},"5":{"name":"create","decl":{"start":{"line":52,"column":1},"end":{"line":54,"column":2}},"loc":{"start":{"line":52,"column":1},"end":{"line":54,"column":2}},"line":52},"6":{"name":"createMany","decl":{"start":{"line":61,"column":1},"end":{"line":68,"column":2}},"loc":{"start":{"line":61,"column":1},"end":{"line":68,"column":2}},"line":61},"7":{"name":"update","decl":{"start":{"line":76,"column":1},"end":{"line":82,"column":2}},"loc":{"start":{"line":76,"column":1},"end":{"line":82,"column":2}},"line":76},"8":{"name":"updateMany","decl":{"start":{"line":90,"column":1},"end":{"line":99,"column":2}},"loc":{"start":{"line":90,"column":1},"end":{"line":99,"column":2}},"line":90},"9":{"name":"delete","decl":{"start":{"line":108,"column":1},"end":{"line":113,"column":2}},"loc":{"start":{"line":108,"column":1},"end":{"line":113,"column":2}},"line":108},"10":{"name":"deleteMany","decl":{"start":{"line":122,"column":1},"end":{"line":130,"column":2}},"loc":{"start":{"line":122,"column":1},"end":{"line":130,"column":2}},"line":122},"11":{"name":"deleteById","decl":{"start":{"line":138,"column":1},"end":{"line":140,"column":2}},"loc":{"start":{"line":138,"column":1},"end":{"line":140,"column":2}},"line":138},"12":{"name":"deleteManyById","decl":{"start":{"line":148,"column":1},"end":{"line":151,"column":2}},"loc":{"start":{"line":148,"column":1},"end":{"line":151,"column":2}},"line":148},"13":{"name":"upsert","decl":{"start":{"line":161,"column":1},"end":{"line":163,"column":2}},"loc":{"start":{"line":161,"column":1},"end":{"line":163,"column":2}},"line":161}},"f":{"0":5,"1":5,"2":3,"3":1,"4":12,"5":2,"6":2,"7":2,"8":1,"9":1,"10":1,"11":2,"12":1,"13":1}}
,"/home/dennis/Desktop/code/npm/typed-pocketbase/src/client/record-interface.ts": {"path":"/home/dennis/Desktop/code/npm/typed-pocketbase/src/client/record-interface.ts","all":false,"statementMap":{"20":{"start":{"line":21,"column":0},"end":{"line":21,"column":32}},"21":{"start":{"line":22,"column":0},"end":{"line":22,"column":15}},"22":{"start":{"line":23,"column":0},"end":{"line":23,"column":19}},"23":{"start":{"line":24,"column":0},"end":{"line":24,"column":24}},"24":{"start":{"line":25,"column":0},"end":{"line":25,"column":24}},"25":{"start":{"line":26,"column":0},"end":{"line":26,"column":23}},"26":{"start":{"line":27,"column":0},"end":{"line":27,"column":23}},"27":{"start":{"line":28,"column":0},"end":{"line":28,"column":22}},"28":{"start":{"line":29,"column":0},"end":{"line":29,"column":22}},"29":{"start":{"line":30,"column":0},"end":{"line":30,"column":21}},"30":{"start":{"line":31,"column":0},"end":{"line":31,"column":22}},"31":{"start":{"line":32,"column":0},"end":{"line":32,"column":13}},"32":{"start":{"line":33,"column":0},"end":{"line":33,"column":11}}},"s":{"20":1,"21":1,"22":1,"23":1,"24":1,"25":1,"26":1,"27":1,"28":1,"29":1,"30":1,"31":1,"32":1},"branchMap":{},"b":{},"fnMap":{},"f":{}}
,"/home/dennis/Desktop/code/npm/typed-pocketbase/src/client/record-service.ts": {"path":"/home/dennis/Desktop/code/npm/typed-pocketbase/src/client/record-service.ts","all":false,"statementMap":{"0":{"start":{"line":1,"column":0},"end":{"line":1,"column":8}},"36":{"start":{"line":37,"column":0},"end":{"line":37,"column":99}},"37":{"start":{"line":38,"column":0},"end":{"line":38,"column":52}},"38":{"start":{"line":39,"column":0},"end":{"line":39,"column":39}},"40":{"start":{"line":41,"column":0},"end":{"line":41,"column":54}},"41":{"start":{"line":42,"column":0},"end":{"line":42,"column":3}},"42":{"start":{"line":43,"column":0},"end":{"line":43,"column":2}},"44":{"start":{"line":45,"column":0},"end":{"line":45,"column":15}},"45":{"start":{"line":46,"column":0},"end":{"line":46,"column":29}},"46":{"start":{"line":47,"column":0},"end":{"line":47,"column":2}},"48":{"start":{"line":49,"column":0},"end":{"line":49,"column":23}},"49":{"start":{"line":50,"column":0},"end":{"line":50,"column":41}},"50":{"start":{"line":51,"column":0},"end":{"line":51,"column":2}},"52":{"start":{"line":53,"column":0},"end":{"line":53,"column":25}},"53":{"start":{"line":54,"column":0},"end":{"line":54,"column":9}},"54":{"start":{"line":55,"column":0},"end":{"line":55,"column":9}},"55":{"start":{"line":56,"column":0},"end":{"line":56,"column":7}},"56":{"start":{"line":57,"column":0},"end":{"line":57,"column":12}},"57":{"start":{"line":58,"column":0},"end":{"line":58,"column":40}},"58":{"start":{"line":59,"column":0},"end":{"line":59,"column":51}},"60":{"start":{"line":61,"column":0},"end":{"line":61,"column":38}},"61":{"start":{"line":62,"column":0},"end":{"line":62,"column":38}},"62":{"start":{"line":63,"column":0},"end":{"line":63,"column":61}},"64":{"start":{"line":65,"column":0},"end":{"line":65,"column":43}},"65":{"start":{"line":66,"column":0},"end":{"line":66,"column":33}},"66":{"start":{"line":67,"column":0},"end":{"line":67,"column":20}},"67":{"start":{"line":68,"column":0},"end":{"line":68,"column":23}},"68":{"start":{"line":69,"column":0},"end":{"line":69,"column":3}},"70":{"start":{"line":71,"column":0},"end":{"line":71,"column":17}},"71":{"start":{"line":72,"column":0},"end":{"line":72,"column":2}},"73":{"start":{"line":74,"column":0},"end":{"line":74,"column":52}},"74":{"start":{"line":75,"column":0},"end":{"line":75,"column":33}},"75":{"start":{"line":76,"column":0},"end":{"line":76,"column":2}},"77":{"start":{"line":78,"column":0},"end":{"line":78,"column":37}},"78":{"start":{"line":79,"column":0},"end":{"line":79,"column":64}},"79":{"start":{"line":80,"column":0},"end":{"line":80,"column":2}},"81":{"start":{"line":82,"column":0},"end":{"line":82,"column":28}},"82":{"start":{"line":83,"column":0},"end":{"line":83,"column":16}},"83":{"start":{"line":84,"column":0},"end":{"line":84,"column":2}},"85":{"start":{"line":86,"column":0},"end":{"line":86,"column":11}},"86":{"start":{"line":87,"column":0},"end":{"line":87,"column":16}},"87":{"start":{"line":88,"column":0},"end":{"line":88,"column":52}},"88":{"start":{"line":89,"column":0},"end":{"line":89,"column":23}},"89":{"start":{"line":90,"column":0},"end":{"line":90,"column":30}},"90":{"start":{"line":91,"column":0},"end":{"line":91,"column":32}},"91":{"start":{"line":92,"column":0},"end":{"line":92,"column":9}},"92":{"start":{"line":93,"column":0},"end":{"line":93,"column":12}},"93":{"start":{"line":94,"column":0},"end":{"line":94,"column":31}},"94":{"start":{"line":95,"column":0},"end":{"line":95,"column":4}},"95":{"start":{"line":96,"column":0},"end":{"line":96,"column":2}},"97":{"start":{"line":98,"column":0},"end":{"line":98,"column":37}},"98":{"start":{"line":99,"column":0},"end":{"line":99,"column":64}},"99":{"start":{"line":100,"column":0},"end":{"line":100,"column":2}},"101":{"start":{"line":102,"column":0},"end":{"line":102,"column":66}},"102":{"start":{"line":103,"column":0},"end":{"line":103,"column":30}},"103":{"start":{"line":104,"column":0},"end":{"line":104,"column":8}},"104":{"start":{"line":105,"column":0},"end":{"line":105,"column":11}},"105":{"start":{"line":106,"column":0},"end":{"line":106,"column":31}},"106":{"start":{"line":107,"column":0},"end":{"line":107,"column":4}},"107":{"start":{"line":108,"column":0},"end":{"line":108,"column":2}},"109":{"start":{"line":110,"column":0},"end":{"line":110,"column":58}},"110":{"start":{"line":111,"column":0},"end":{"line":111,"column":39}},"111":{"start":{"line":112,"column":0},"end":{"line":112,"column":10}},"112":{"start":{"line":113,"column":0},"end":{"line":113,"column":31}},"113":{"start":{"line":114,"column":0},"end":{"line":114,"column":4}},"114":{"start":{"line":115,"column":0},"end":{"line":115,"column":2}},"116":{"start":{"line":117,"column":0},"end":{"line":117,"column":8}},"117":{"start":{"line":118,"column":0},"end":{"line":118,"column":13}},"118":{"start":{"line":119,"column":0},"end":{"line":119,"column":13}},"121":{"start":{"line":122,"column":0},"end":{"line":122,"column":18}},"122":{"start":{"line":123,"column":0},"end":{"line":123,"column":63}},"123":{"start":{"line":124,"column":0},"end":{"line":124,"column":2}},"125":{"start":{"line":126,"column":0},"end":{"line":126,"column":8}},"126":{"start":{"line":127,"column":0},"end":{"line":127,"column":14}},"131":{"start":{"line":132,"column":0},"end":{"line":132,"column":13}},"134":{"start":{"line":135,"column":0},"end":{"line":135,"column":4}},"135":{"start":{"line":136,"column":0},"end":{"line":136,"column":71}},"136":{"start":{"line":137,"column":0},"end":{"line":137,"column":2}},"138":{"start":{"line":139,"column":0},"end":{"line":139,"column":8}},"139":{"start":{"line":140,"column":0},"end":{"line":140,"column":13}},"140":{"start":{"line":141,"column":0},"end":{"line":141,"column":14}},"145":{"start":{"line":146,"column":0},"end":{"line":146,"column":13}},"148":{"start":{"line":149,"column":0},"end":{"line":149,"column":4}},"149":{"start":{"line":150,"column":0},"end":{"line":150,"column":29}},"150":{"start":{"line":151,"column":0},"end":{"line":151,"column":6}},"151":{"start":{"line":152,"column":0},"end":{"line":152,"column":14}},"152":{"start":{"line":153,"column":0},"end":{"line":153,"column":31}},"153":{"start":{"line":154,"column":0},"end":{"line":154,"column":4}},"154":{"start":{"line":155,"column":0},"end":{"line":155,"column":2}},"156":{"start":{"line":157,"column":0},"end":{"line":157,"column":44}},"157":{"start":{"line":158,"column":0},"end":{"line":158,"column":63}},"158":{"start":{"line":159,"column":0},"end":{"line":159,"column":2}},"160":{"start":{"line":161,"column":0},"end":{"line":161,"column":18}},"161":{"start":{"line":162,"column":0},"end":{"line":162,"column":26}},"162":{"start":{"line":163,"column":0},"end":{"line":163,"column":19}},"163":{"start":{"line":164,"column":0},"end":{"line":164,"column":37}},"164":{"start":{"line":165,"column":0},"end":{"line":165,"column":4}},"165":{"start":{"line":166,"column":0},"end":{"line":166,"column":39}},"166":{"start":{"line":167,"column":0},"end":{"line":167,"column":19}},"167":{"start":{"line":168,"column":0},"end":{"line":168,"column":12}},"168":{"start":{"line":169,"column":0},"end":{"line":169,"column":31}},"169":{"start":{"line":170,"column":0},"end":{"line":170,"column":4}},"170":{"start":{"line":171,"column":0},"end":{"line":171,"column":2}},"172":{"start":{"line":173,"column":0},"end":{"line":173,"column":20}},"173":{"start":{"line":174,"column":0},"end":{"line":174,"column":19}},"174":{"start":{"line":175,"column":0},"end":{"line":175,"column":15}},"175":{"start":{"line":176,"column":0},"end":{"line":176,"column":23}},"176":{"start":{"line":177,"column":0},"end":{"line":177,"column":22}},"177":{"start":{"line":178,"column":0},"end":{"line":178,"column":50}},"178":{"start":{"line":179,"column":0},"end":{"line":179,"column":37}},"179":{"start":{"line":180,"column":0},"end":{"line":180,"column":4}},"180":{"start":{"line":181,"column":0},"end":{"line":181,"column":41}},"181":{"start":{"line":182,"column":0},"end":{"line":182,"column":12}},"182":{"start":{"line":183,"column":0},"end":{"line":183,"column":8}},"183":{"start":{"line":184,"column":0},"end":{"line":184,"column":16}},"184":{"start":{"line":185,"column":0},"end":{"line":185,"column":15}},"185":{"start":{"line":186,"column":0},"end":{"line":186,"column":14}},"186":{"start":{"line":187,"column":0},"end":{"line":187,"column":31}},"187":{"start":{"line":188,"column":0},"end":{"line":188,"column":4}},"188":{"start":{"line":189,"column":0},"end":{"line":189,"column":2}},"190":{"start":{"line":191,"column":0},"end":{"line":191,"column":73}},"191":{"start":{"line":192,"column":0},"end":{"line":192,"column":46}},"192":{"start":{"line":193,"column":0},"end":{"line":193,"column":2}},"194":{"start":{"line":195,"column":0},"end":{"line":195,"column":51}},"195":{"start":{"line":196,"column":0},"end":{"line":196,"column":64}},"196":{"start":{"line":197,"column":0},"end":{"line":197,"column":2}},"197":{"start":{"line":198,"column":0},"end":{"line":198,"column":72}},"198":{"start":{"line":199,"column":0},"end":{"line":199,"column":34}},"199":{"start":{"line":200,"column":0},"end":{"line":200,"column":9}},"200":{"start":{"line":201,"column":0},"end":{"line":201,"column":12}},"201":{"start":{"line":202,"column":0},"end":{"line":202,"column":31}},"202":{"start":{"line":203,"column":0},"end":{"line":203,"column":4}},"203":{"start":{"line":204,"column":0},"end":{"line":204,"column":2}},"205":{"start":{"line":206,"column":0},"end":{"line":206,"column":1}}},"s":{"0":1,"36":1,"37":1,"38":31,"40":341,"41":341,"42":31,"44":1,"45":1,"46":1,"48":1,"49":1,"50":1,"52":1,"53":19,"54":19,"55":19,"56":19,"57":19,"58":19,"60":19,"61":19,"62":19,"64":19,"65":2,"66":19,"67":4,"68":4,"70":19,"71":19,"73":1,"74":5,"75":5,"77":1,"78":4,"79":4,"81":1,"82":1,"83":1,"85":1,"86":1,"87":1,"88":1,"89":1,"90":1,"91":1,"92":1,"93":1,"94":1,"95":1,"97":1,"98":5,"99":5,"101":1,"102":2,"103":2,"104":2,"105":2,"106":2,"107":2,"109":1,"110":1,"111":1,"112":1,"113":1,"114":1,"116":1,"117":3,"118":3,"121":3,"122":3,"123":3,"125":1,"126":1,"131":1,"134":1,"135":1,"136":1,"138":1,"139":1,"140":1,"145":1,"148":1,"149":1,"150":1,"151":1,"152":1,"153":1,"154":1,"156":1,"157":1,"158":1,"160":1,"161":1,"162":1,"163":1,"164":1,"165":1,"166":1,"167":1,"168":1,"169":1,"170":1,"172":1,"173":1,"174":1,"175":1,"176":1,"177":1,"178":1,"179":1,"180":1,"181":1,"182":1,"183":1,"184":1,"185":1,"186":1,"187":1,"188":1,"190":1,"191":1,"192":1,"194":1,"195":1,"196":1,"197":1,"198":1,"199":1,"200":1,"201":1,"202":1,"203":1,"205":1},"branchMap":{"0":{"type":"branch","line":38,"loc":{"start":{"line":38,"column":1},"end":{"line":43,"column":2}},"locations":[{"start":{"line":38,"column":1},"end":{"line":43,"column":2}}]},"1":{"type":"branch","line":39,"loc":{"start":{"line":39,"column":38},"end":{"line":42,"column":3}},"locations":[{"start":{"line":39,"column":38},"end":{"line":42,"column":3}}]},"2":{"type":"branch","line":45,"loc":{"start":{"line":45,"column":1},"end":{"line":47,"column":2}},"locations":[{"start":{"line":45,"column":1},"end":{"line":47,"column":2}}]},"3":{"type":"branch","line":49,"loc":{"start":{"line":49,"column":1},"end":{"line":51,"column":2}},"locations":[{"start":{"line":49,"column":1},"end":{"line":51,"column":2}}]},"4":{"type":"branch","line":53,"loc":{"start":{"line":53,"column":9},"end":{"line":72,"column":2}},"locations":[{"start":{"line":53,"column":9},"end":{"line":72,"column":2}}]},"5":{"type":"branch","line":61,"loc":{"start":{"line":61,"column":14},"end":{"line":61,"column":38}},"locations":[{"start":{"line":61,"column":14},"end":{"line":61,"column":38}}]},"6":{"type":"branch","line":62,"loc":{"start":{"line":62,"column":14},"end":{"line":62,"column":38}},"locations":[{"start":{"line":62,"column":14},"end":{"line":62,"column":38}}]},"7":{"type":"branch","line":63,"loc":{"start":{"line":63,"column":14},"end":{"line":63,"column":61}},"locations":[{"start":{"line":63,"column":14},"end":{"line":63,"column":61}}]},"8":{"type":"branch","line":63,"loc":{"start":{"line":63,"column":53},"end":{"line":63,"column":61}},"locations":[{"start":{"line":63,"column":53},"end":{"line":63,"column":61}}]},"9":{"type":"branch","line":65,"loc":{"start":{"line":65,"column":24},"end":{"line":65,"column":42}},"locations":[{"start":{"line":65,"column":24},"end":{"line":65,"column":42}}]},"10":{"type":"branch","line":65,"loc":{"start":{"line":65,"column":42},"end":{"line":67,"column":13}},"locations":[{"start":{"line":65,"column":42},"end":{"line":67,"column":13}}]},"11":{"type":"branch","line":67,"loc":{"start":{"line":67,"column":2},"end":{"line":69,"column":3}},"locations":[{"start":{"line":67,"column":2},"end":{"line":69,"column":3}}]},"12":{"type":"branch","line":67,"loc":{"start":{"line":67,"column":19},"end":{"line":69,"column":3}},"locations":[{"start":{"line":67,"column":19},"end":{"line":69,"column":3}}]},"13":{"type":"branch","line":74,"loc":{"start":{"line":74,"column":1},"end":{"line":76,"column":2}},"locations":[{"start":{"line":74,"column":1},"end":{"line":76,"column":2}}]},"14":{"type":"branch","line":78,"loc":{"start":{"line":78,"column":1},"end":{"line":80,"column":2}},"locations":[{"start":{"line":78,"column":1},"end":{"line":80,"column":2}}]},"15":{"type":"branch","line":79,"loc":{"start":{"line":79,"column":24},"end":{"line":79,"column":52}},"locations":[{"start":{"line":79,"column":24},"end":{"line":79,"column":52}}]},"16":{"type":"branch","line":82,"loc":{"start":{"line":82,"column":1},"end":{"line":84,"column":2}},"locations":[{"start":{"line":82,"column":1},"end":{"line":84,"column":2}}]},"17":{"type":"branch","line":86,"loc":{"start":{"line":86,"column":1},"end":{"line":96,"column":2}},"locations":[{"start":{"line":86,"column":1},"end":{"line":96,"column":2}}]},"18":{"type":"branch","line":98,"loc":{"start":{"line":98,"column":1},"end":{"line":100,"column":2}},"locations":[{"start":{"line":98,"column":1},"end":{"line":100,"column":2}}]},"19":{"type":"branch","line":102,"loc":{"start":{"line":102,"column":1},"end":{"line":108,"column":2}},"locations":[{"start":{"line":102,"column":1},"end":{"line":108,"column":2}}]},"20":{"type":"branch","line":110,"loc":{"start":{"line":110,"column":1},"end":{"line":115,"column":2}},"locations":[{"start":{"line":110,"column":1},"end":{"line":115,"column":2}}]},"21":{"type":"branch","line":117,"loc":{"start":{"line":117,"column":1},"end":{"line":124,"column":2}},"locations":[{"start":{"line":117,"column":1},"end":{"line":124,"column":2}}]},"22":{"type":"branch","line":126,"loc":{"start":{"line":126,"column":1},"end":{"line":137,"column":2}},"locations":[{"start":{"line":126,"column":1},"end":{"line":137,"column":2}}]},"23":{"type":"branch","line":139,"loc":{"start":{"line":139,"column":1},"end":{"line":155,"column":2}},"locations":[{"start":{"line":139,"column":1},"end":{"line":155,"column":2}}]},"24":{"type":"branch","line":157,"loc":{"start":{"line":157,"column":1},"end":{"line":159,"column":2}},"locations":[{"start":{"line":157,"column":1},"end":{"line":159,"column":2}}]},"25":{"type":"branch","line":161,"loc":{"start":{"line":161,"column":1},"end":{"line":171,"column":2}},"locations":[{"start":{"line":161,"column":1},"end":{"line":171,"column":2}}]},"26":{"type":"branch","line":173,"loc":{"start":{"line":173,"column":1},"end":{"line":189,"column":2}},"locations":[{"start":{"line":173,"column":1},"end":{"line":189,"column":2}}]},"27":{"type":"branch","line":191,"loc":{"start":{"line":191,"column":1},"end":{"line":193,"column":2}},"locations":[{"start":{"line":191,"column":1},"end":{"line":193,"column":2}}]},"28":{"type":"branch","line":195,"loc":{"start":{"line":195,"column":1},"end":{"line":197,"column":2}},"locations":[{"start":{"line":195,"column":1},"end":{"line":197,"column":2}}]},"29":{"type":"branch","line":198,"loc":{"start":{"line":198,"column":1},"end":{"line":204,"column":2}},"locations":[{"start":{"line":198,"column":1},"end":{"line":204,"column":2}}]}},"b":{"0":[31],"1":[341],"2":[1],"3":[1],"4":[19],"5":[14],"6":[12],"7":[4],"8":[0],"9":[3],"10":[2],"11":[17],"12":[4],"13":[5],"14":[4],"15":[11],"16":[1],"17":[1],"18":[5],"19":[2],"20":[1],"21":[3],"22":[1],"23":[1],"24":[1],"25":[1],"26":[1],"27":[1],"28":[1],"29":[1]},"fnMap":{"0":{"name":"TypedRecordService","decl":{"start":{"line":38,"column":1},"end":{"line":43,"column":2}},"loc":{"start":{"line":38,"column":1},"end":{"line":43,"column":2}},"line":38},"1":{"name":"get client","decl":{"start":{"line":45,"column":1},"end":{"line":47,"column":2}},"loc":{"start":{"line":45,"column":1},"end":{"line":47,"column":2}},"line":45},"2":{"name":"get collectionName","decl":{"start":{"line":49,"column":1},"end":{"line":51,"column":2}},"loc":{"start":{"line":49,"column":1},"end":{"line":51,"column":2}},"line":49},"3":{"name":"prepareOptions","decl":{"start":{"line":53,"column":9},"end":{"line":72,"column":2}},"loc":{"start":{"line":53,"column":9},"end":{"line":72,"column":2}},"line":53},"4":{"name":"createFilter","decl":{"start":{"line":74,"column":1},"end":{"line":76,"column":2}},"loc":{"start":{"line":74,"column":1},"end":{"line":76,"column":2}},"line":74},"5":{"name":"createSort","decl":{"start":{"line":78,"column":1},"end":{"line":80,"column":2}},"loc":{"start":{"line":78,"column":1},"end":{"line":80,"column":2}},"line":78},"6":{"name":"createSelect","decl":{"start":{"line":82,"column":1},"end":{"line":84,"column":2}},"loc":{"start":{"line":82,"column":1},"end":{"line":84,"column":2}},"line":82},"7":{"name":"subscribe","decl":{"start":{"line":86,"column":1},"end":{"line":96,"column":2}},"loc":{"start":{"line":86,"column":1},"end":{"line":96,"column":2}},"line":86},"8":{"name":"getFullList","decl":{"start":{"line":98,"column":1},"end":{"line":100,"column":2}},"loc":{"start":{"line":98,"column":1},"end":{"line":100,"column":2}},"line":98},"9":{"name":"getList","decl":{"start":{"line":102,"column":1},"end":{"line":108,"column":2}},"loc":{"start":{"line":102,"column":1},"end":{"line":108,"column":2}},"line":102},"10":{"name":"getFirstListItem","decl":{"start":{"line":110,"column":1},"end":{"line":115,"column":2}},"loc":{"start":{"line":110,"column":1},"end":{"line":115,"column":2}},"line":110},"11":{"name":"getOne","decl":{"start":{"line":117,"column":1},"end":{"line":124,"column":2}},"loc":{"start":{"line":117,"column":1},"end":{"line":124,"column":2}},"line":117},"12":{"name":"create","decl":{"start":{"line":126,"column":1},"end":{"line":137,"column":2}},"loc":{"start":{"line":126,"column":1},"end":{"line":137,"column":2}},"line":126},"13":{"name":"update","decl":{"start":{"line":139,"column":1},"end":{"line":155,"column":2}},"loc":{"start":{"line":139,"column":1},"end":{"line":155,"column":2}},"line":139},"14":{"name":"delete","decl":{"start":{"line":157,"column":1},"end":{"line":159,"column":2}},"loc":{"start":{"line":157,"column":1},"end":{"line":159,"column":2}},"line":157},"15":{"name":"authWithPassword","decl":{"start":{"line":161,"column":1},"end":{"line":171,"column":2}},"loc":{"start":{"line":161,"column":1},"end":{"line":171,"column":2}},"line":161},"16":{"name":"authWithOAuth2Code","decl":{"start":{"line":173,"column":1},"end":{"line":189,"column":2}},"loc":{"start":{"line":173,"column":1},"end":{"line":189,"column":2}},"line":173},"17":{"name":"authWithOAuth2","decl":{"start":{"line":191,"column":1},"end":{"line":193,"column":2}},"loc":{"start":{"line":191,"column":1},"end":{"line":193,"column":2}},"line":191},"18":{"name":"authRefresh","decl":{"start":{"line":195,"column":1},"end":{"line":197,"column":2}},"loc":{"start":{"line":195,"column":1},"end":{"line":197,"column":2}},"line":195},"19":{"name":"authWithOTP","decl":{"start":{"line":198,"column":1},"end":{"line":204,"column":2}},"loc":{"start":{"line":198,"column":1},"end":{"line":204,"column":2}},"line":198}},"f":{"0":31,"1":1,"2":1,"3":19,"4":5,"5":4,"6":1,"7":1,"8":5,"9":2,"10":1,"11":3,"12":1,"13":1,"14":1,"15":1,"16":1,"17":1,"18":1,"19":1}}
,"/home/dennis/Desktop/code/npm/typed-pocketbase/src/codegen/cli.ts": {"path":"/home/dennis/Desktop/code/npm/typed-pocketbase/src/codegen/cli.ts","all":true,"statementMap":{"0":{"start":{"line":1,"column":0},"end":{"line":1,"column":36}},"1":{"start":{"line":2,"column":0},"end":{"line":2,"column":43}},"2":{"start":{"line":3,"column":0},"end":{"line":3,"column":45}},"3":{"start":{"line":4,"column":0},"end":{"line":4,"column":36}},"4":{"start":{"line":5,"column":0},"end":{"line":5,"column":75}},"8":{"start":{"line":9,"column":0},"end":{"line":9,"column":46}},"9":{"start":{"line":10,"column":0},"end":{"line":10,"column":70}},"12":{"start":{"line":13,"column":0},"end":{"line":13,"column":39}},"13":{"start":{"line":14,"column":0},"end":{"line":14,"column":41}},"14":{"start":{"line":15,"column":0},"end":{"line":15,"column":42}},"16":{"start":{"line":17,"column":0},"end":{"line":17,"column":50}},"17":{"start":{"line":18,"column":0},"end":{"line":18,"column":38}},"18":{"start":{"line":19,"column":0},"end":{"line":19,"column":92}},"28":{"start":{"line":29,"column":0},"end":{"line":29,"column":30}},"30":{"start":{"line":31,"column":0},"end":{"line":31,"column":7}},"31":{"start":{"line":32,"column":0},"end":{"line":32,"column":27}},"32":{"start":{"line":33,"column":0},"end":{"line":33,"column":33}},"33":{"start":{"line":34,"column":0},"end":{"line":34,"column":68}},"34":{"start":{"line":35,"column":0},"end":{"line":35,"column":97}},"35":{"start":{"line":36,"column":0},"end":{"line":36,"column":102}},"36":{"start":{"line":37,"column":0},"end":{"line":37,"column":114}},"37":{"start":{"line":38,"column":0},"end":{"line":38,"column":83}},"38":{"start":{"line":39,"column":0},"end":{"line":39,"column":89}},"39":{"start":{"line":40,"column":0},"end":{"line":40,"column":44}},"42":{"start":{"line":43,"column":0},"end":{"line":43,"column":27}},"44":{"start":{"line":45,"column":0},"end":{"line":45,"column":63}},"45":{"start":{"line":46,"column":0},"end":{"line":46,"column":9}},"47":{"start":{"line":48,"column":0},"end":{"line":48,"column":29}},"48":{"start":{"line":49,"column":0},"end":{"line":49,"column":18}},"49":{"start":{"line":50,"column":0},"end":{"line":50,"column":96}},"50":{"start":{"line":51,"column":0},"end":{"line":51,"column":14}},"51":{"start":{"line":52,"column":0},"end":{"line":52,"column":9}},"53":{"start":{"line":54,"column":0},"end":{"line":54,"column":32}},"54":{"start":{"line":55,"column":0},"end":{"line":55,"column":18}},"55":{"start":{"line":56,"column":0},"end":{"line":56,"column":102}},"56":{"start":{"line":57,"column":0},"end":{"line":57,"column":14}},"57":{"start":{"line":58,"column":0},"end":{"line":58,"column":9}},"59":{"start":{"line":60,"column":0},"end":{"line":60,"column":56}},"60":{"start":{"line":61,"column":0},"end":{"line":61,"column":29}},"61":{"start":{"line":62,"column":0},"end":{"line":62,"column":33}},"62":{"start":{"line":63,"column":0},"end":{"line":63,"column":38}},"63":{"start":{"line":64,"column":0},"end":{"line":64,"column":11}},"65":{"start":{"line":66,"column":0},"end":{"line":66,"column":26}},"66":{"start":{"line":67,"column":0},"end":{"line":67,"column":62}},"67":{"start":{"line":68,"column":0},"end":{"line":68,"column":65}},"68":{"start":{"line":69,"column":0},"end":{"line":69,"column":79}},"69":{"start":{"line":70,"column":0},"end":{"line":70,"column":49}},"70":{"start":{"line":71,"column":0},"end":{"line":71,"column":37}},"71":{"start":{"line":72,"column":0},"end":{"line":72,"column":36}},"72":{"start":{"line":73,"column":0},"end":{"line":73,"column":14}},"73":{"start":{"line":74,"column":0},"end":{"line":74,"column":97}},"75":{"start":{"line":76,"column":0},"end":{"line":76,"column":42}},"76":{"start":{"line":77,"column":0},"end":{"line":77,"column":61}},"77":{"start":{"line":78,"column":0},"end":{"line":78,"column":82}},"78":{"start":{"line":79,"column":0},"end":{"line":79,"column":74}},"80":{"start":{"line":81,"column":0},"end":{"line":81,"column":28}},"81":{"start":{"line":82,"column":0},"end":{"line":82,"column":37}},"82":{"start":{"line":83,"column":0},"end":{"line":83,"column":42}},"83":{"start":{"line":84,"column":0},"end":{"line":84,"column":23}},"84":{"start":{"line":85,"column":0},"end":{"line":85,"column":14}},"85":{"start":{"line":86,"column":0},"end":{"line":86,"column":70}},"86":{"start":{"line":87,"column":0},"end":{"line":87,"column":37}},"87":{"start":{"line":88,"column":0},"end":{"line":88,"column":42}},"88":{"start":{"line":89,"column":0},"end":{"line":89,"column":47}},"89":{"start":{"line":90,"column":0},"end":{"line":90,"column":15}},"91":{"start":{"line":92,"column":0},"end":{"line":92,"column":68}},"92":{"start":{"line":93,"column":0},"end":{"line":93,"column":78}},"93":{"start":{"line":94,"column":0},"end":{"line":94,"column":84}},"94":{"start":{"line":95,"column":0},"end":{"line":95,"column":16}},"95":{"start":{"line":96,"column":0},"end":{"line":96,"column":44}},"96":{"start":{"line":97,"column":0},"end":{"line":97,"column":9}},"97":{"start":{"line":98,"column":0},"end":{"line":98,"column":7}},"99":{"start":{"line":100,"column":0},"end":{"line":100,"column":16}},"101":{"start":{"line":102,"column":0},"end":{"line":102,"column":36}},"102":{"start":{"line":103,"column":0},"end":{"line":103,"column":23}},"103":{"start":{"line":104,"column":0},"end":{"line":104,"column":20}},"104":{"start":{"line":105,"column":0},"end":{"line":105,"column":1}}},"s":{"0":0,"1":0,"2":0,"3":0,"4":0,"8":0,"9":0,"12":0,"13":0,"14":0,"16":0,"17":0,"18":0,"28":0,"30":0,"31":0,"32":0,"33":0,"34":0,"35":0,"36":0,"37":0,"38":0,"39":0,"42":0,"44":0,"45":0,"47":0,"48":0,"49":0,"50":0,"51":0,"53":0,"54":0,"55":0,"56":0,"57":0,"59":0,"60":0,"61":0,"62":0,"63":0,"65":0,"66":0,"67":0,"68":0,"69":0,"70":0,"71":0,"72":0,"73":0,"75":0,"76":0,"77":0,"78":0,"80":0,"81":0,"82":0,"83":0,"84":0,"85":0,"86":0,"87":0,"88":0,"89":0,"91":0,"92":0,"93":0,"94":0,"95":0,"96":0,"97":0,"99":0,"101":0,"102":0,"103":0,"104":0},"branchMap":{"0":{"type":"branch","line":1,"loc":{"start":{"line":1,"column":0},"end":{"line":105,"column":-386}},"locations":[{"start":{"line":1,"column":0},"end":{"line":105,"column":-386}}]}},"b":{"0":[0]},"fnMap":{"0":{"name":"(empty-report)","decl":{"start":{"line":1,"column":0},"end":{"line":105,"column":-386}},"loc":{"start":{"line":1,"column":0},"end":{"line":105,"column":-386}},"line":1}},"f":{"0":0}}
,"/home/dennis/Desktop/code/npm/typed-pocketbase/src/codegen/index.ts": {"path":"/home/dennis/Desktop/code/npm/typed-pocketbase/src/codegen/index.ts","all":true,"statementMap":{"0":{"start":{"line":1,"column":0},"end":{"line":1,"column":36}},"6":{"start":{"line":7,"column":0},"end":{"line":7,"column":80}},"7":{"start":{"line":8,"column":0},"end":{"line":8,"column":32}},"8":{"start":{"line":9,"column":0},"end":{"line":9,"column":70}},"9":{"start":{"line":10,"column":0},"end":{"line":10,"column":68}},"10":{"start":{"line":11,"column":0},"end":{"line":11,"column":61}},"13":{"start":{"line":14,"column":0},"end":{"line":14,"column":50}},"14":{"start":{"line":15,"column":0},"end":{"line":15,"column":19}},"15":{"start":{"line":16,"column":0},"end":{"line":16,"column":1}}},"s":{"0":0,"6":0,"7":0,"8":0,"9":0,"10":0,"13":0,"14":0,"15":0},"branchMap":{"0":{"type":"branch","line":1,"loc":{"start":{"line":1,"column":858},"end":{"line":16,"column":1}},"locations":[{"start":{"line":1,"column":858},"end":{"line":16,"column":1}}]}},"b":{"0":[0]},"fnMap":{"0":{"name":"(empty-report)","decl":{"start":{"line":1,"column":858},"end":{"line":16,"column":1}},"loc":{"start":{"line":1,"column":858},"end":{"line":16,"column":1}},"line":1}},"f":{"0":0}}
,"/home/dennis/Desktop/code/npm/typed-pocketbase/src/codegen/types.ts": {"path":"/home/dennis/Desktop/code/npm/typed-pocketbase/src/codegen/types.ts","all":true,"statementMap":{},"s":{},"branchMap":{"0":{"type":"branch","line":1,"loc":{"start":{"line":1,"column":3023},"end":{"line":166,"column":13}},"locations":[{"start":{"line":1,"column":3023},"end":{"line":166,"column":13}}]}},"b":{"0":[1]},"fnMap":{"0":{"name":"(empty-report)","decl":{"start":{"line":1,"column":3023},"end":{"line":166,"column":13}},"loc":{"start":{"line":1,"column":3023},"end":{"line":166,"column":13}},"line":1}},"f":{"0":1}}
,"/home/dennis/Desktop/code/npm/typed-pocketbase/src/codegen/modiiers/custom-type-generation.ts": {"path":"/home/dennis/Desktop/code/npm/typed-pocketbase/src/codegen/modiiers/custom-type-generation.ts","all":false,"statementMap":{"2":{"start":{"line":3,"column":0},"end":{"line":3,"column":72}},"3":{"start":{"line":4,"column":0},"end":{"line":4,"column":61}},"4":{"start":{"line":5,"column":0},"end":{"line":5,"column":32}},"5":{"start":{"line":6,"column":0},"end":{"line":6,"column":14}},"6":{"start":{"line":7,"column":0},"end":{"line":7,"column":3}},"7":{"start":{"line":8,"column":0},"end":{"line":8,"column":57}},"8":{"start":{"line":9,"column":0},"end":{"line":9,"column":1}},"10":{"start":{"line":11,"column":0},"end":{"line":11,"column":76}},"11":{"start":{"line":12,"column":0},"end":{"line":12,"column":75}},"12":{"start":{"line":13,"column":0},"end":{"line":13,"column":41}},"13":{"start":{"line":14,"column":0},"end":{"line":14,"column":69}},"14":{"start":{"line":15,"column":0},"end":{"line":15,"column":61}},"18":{"start":{"line":19,"column":0},"end":{"line":19,"column":1}},"37":{"start":{"line":38,"column":0},"end":{"line":38,"column":66}},"38":{"start":{"line":39,"column":0},"end":{"line":39,"column":54}},"39":{"start":{"line":40,"column":0},"end":{"line":40,"column":48}},"43":{"start":{"line":44,"column":0},"end":{"line":44,"column":10}},"44":{"start":{"line":45,"column":0},"end":{"line":45,"column":42}},"45":{"start":{"line":46,"column":0},"end":{"line":46,"column":74}},"46":{"start":{"line":47,"column":0},"end":{"line":47,"column":65}},"47":{"start":{"line":48,"column":0},"end":{"line":48,"column":38}},"48":{"start":{"line":49,"column":0},"end":{"line":49,"column":53}},"49":{"start":{"line":50,"column":0},"end":{"line":50,"column":25}},"50":{"start":{"line":51,"column":0},"end":{"line":51,"column":25}},"51":{"start":{"line":52,"column":0},"end":{"line":52,"column":16}},"52":{"start":{"line":53,"column":0},"end":{"line":53,"column":89}},"53":{"start":{"line":54,"column":0},"end":{"line":54,"column":99}},"55":{"start":{"line":56,"column":0},"end":{"line":56,"column":51}},"56":{"start":{"line":57,"column":0},"end":{"line":57,"column":74}},"57":{"start":{"line":58,"column":0},"end":{"line":58,"column":58}},"58":{"start":{"line":59,"column":0},"end":{"line":59,"column":46}},"59":{"start":{"line":60,"column":0},"end":{"line":60,"column":99}},"61":{"start":{"line":62,"column":0},"end":{"line":62,"column":46}},"62":{"start":{"line":63,"column":0},"end":{"line":63,"column":58}},"63":{"start":{"line":64,"column":0},"end":{"line":64,"column":37}},"64":{"start":{"line":65,"column":0},"end":{"line":65,"column":71}},"65":{"start":{"line":66,"column":0},"end":{"line":66,"column":11}},"67":{"start":{"line":68,"column":0},"end":{"line":68,"column":78}},"68":{"start":{"line":69,"column":0},"end":{"line":69,"column":7}},"69":{"start":{"line":70,"column":0},"end":{"line":70,"column":51}},"70":{"start":{"line":71,"column":0},"end":{"line":71,"column":74}},"71":{"start":{"line":72,"column":0},"end":{"line":72,"column":58}},"72":{"start":{"line":73,"column":0},"end":{"line":73,"column":46}},"73":{"start":{"line":74,"column":0},"end":{"line":74,"column":99}},"74":{"start":{"line":75,"column":0},"end":{"line":75,"column":46}},"75":{"start":{"line":76,"column":0},"end":{"line":76,"column":58}},"76":{"start":{"line":77,"column":0},"end":{"line":77,"column":37}},"77":{"start":{"line":78,"column":0},"end":{"line":78,"column":71}},"78":{"start":{"line":79,"column":0},"end":{"line":79,"column":11}},"80":{"start":{"line":81,"column":0},"end":{"line":81,"column":78}},"81":{"start":{"line":82,"column":0},"end":{"line":82,"column":7}},"82":{"start":{"line":83,"column":0},"end":{"line":83,"column":53}},"83":{"start":{"line":84,"column":0},"end":{"line":84,"column":76}},"84":{"start":{"line":85,"column":0},"end":{"line":85,"column":58}},"85":{"start":{"line":86,"column":0},"end":{"line":86,"column":46}},"86":{"start":{"line":87,"column":0},"end":{"line":87,"column":99}},"87":{"start":{"line":88,"column":0},"end":{"line":88,"column":46}},"88":{"start":{"line":89,"column":0},"end":{"line":89,"column":60}},"89":{"start":{"line":90,"column":0},"end":{"line":90,"column":37}},"90":{"start":{"line":91,"column":0},"end":{"line":91,"column":71}},"91":{"start":{"line":92,"column":0},"end":{"line":92,"column":11}},"92":{"start":{"line":93,"column":0},"end":{"line":93,"column":78}},"93":{"start":{"line":94,"column":0},"end":{"line":94,"column":7}},"94":{"start":{"line":95,"column":0},"end":{"line":95,"column":5}},"95":{"start":{"line":96,"column":0},"end":{"line":96,"column":5}},"98":{"start":{"line":99,"column":0},"end":{"line":99,"column":76}},"99":{"start":{"line":100,"column":0},"end":{"line":100,"column":10}},"100":{"start":{"line":101,"column":0},"end":{"line":101,"column":30}},"101":{"start":{"line":102,"column":0},"end":{"line":102,"column":36}},"102":{"start":{"line":103,"column":0},"end":{"line":103,"column":4}},"103":{"start":{"line":104,"column":0},"end":{"line":104,"column":1}},"105":{"start":{"line":106,"column":0},"end":{"line":106,"column":89}},"106":{"start":{"line":107,"column":0},"end":{"line":107,"column":7}},"107":{"start":{"line":108,"column":0},"end":{"line":108,"column":79}},"108":{"start":{"line":109,"column":0},"end":{"line":109,"column":76}},"109":{"start":{"line":110,"column":0},"end":{"line":110,"column":49}},"110":{"start":{"line":111,"column":0},"end":{"line":111,"column":14}},"111":{"start":{"line":112,"column":0},"end":{"line":112,"column":34}},"112":{"start":{"line":113,"column":0},"end":{"line":113,"column":40}},"113":{"start":{"line":114,"column":0},"end":{"line":114,"column":8}},"114":{"start":{"line":115,"column":0},"end":{"line":115,"column":5}},"116":{"start":{"line":117,"column":0},"end":{"line":117,"column":39}},"117":{"start":{"line":118,"column":0},"end":{"line":118,"column":44}},"121":{"start":{"line":122,"column":0},"end":{"line":122,"column":13}},"122":{"start":{"line":123,"column":0},"end":{"line":123,"column":69}},"124":{"start":{"line":125,"column":0},"end":{"line":125,"column":42}},"125":{"start":{"line":126,"column":0},"end":{"line":126,"column":66}},"127":{"start":{"line":128,"column":0},"end":{"line":128,"column":58}},"128":{"start":{"line":129,"column":0},"end":{"line":129,"column":85}},"129":{"start":{"line":130,"column":0},"end":{"line":130,"column":77}},"131":{"start":{"line":132,"column":0},"end":{"line":132,"column":78}},"132":{"start":{"line":133,"column":0},"end":{"line":133,"column":53}},"133":{"start":{"line":134,"column":0},"end":{"line":134,"column":10}},"135":{"start":{"line":136,"column":0},"end":{"line":136,"column":60}},"137":{"start":{"line":138,"column":0},"end":{"line":138,"column":54}},"138":{"start":{"line":139,"column":0},"end":{"line":139,"column":19}},"139":{"start":{"line":140,"column":0},"end":{"line":140,"column":16}},"141":{"start":{"line":142,"
[...]
nd":{"line":67,"column":30}},"67":{"start":{"line":68,"column":0},"end":{"line":68,"column":30}},"68":{"start":{"line":69,"column":0},"end":{"line":69,"column":25}},"69":{"start":{"line":70,"column":0},"end":{"line":70,"column":9}},"70":{"start":{"line":71,"column":0},"end":{"line":71,"column":3}},"71":{"start":{"line":72,"column":0},"end":{"line":72,"column":18}},"72":{"start":{"line":73,"column":0},"end":{"line":73,"column":25}},"73":{"start":{"line":74,"column":0},"end":{"line":74,"column":16}},"74":{"start":{"line":75,"column":0},"end":{"line":75,"column":39}},"75":{"start":{"line":76,"column":0},"end":{"line":76,"column":39}},"76":{"start":{"line":77,"column":0},"end":{"line":77,"column":9}},"77":{"start":{"line":78,"column":0},"end":{"line":78,"column":3}},"78":{"start":{"line":79,"column":0},"end":{"line":79,"column":16}},"79":{"start":{"line":80,"column":0},"end":{"line":80,"column":21}},"80":{"start":{"line":81,"column":0},"end":{"line":81,"column":9}},"81":{"start":{"line":82,"column":0},"end":{"line":82,"column":3}},"82":{"start":{"line":83,"column":0},"end":{"line":83,"column":18}},"83":{"start":{"line":84,"column":0},"end":{"line":84,"column":51}},"87":{"start":{"line":88,"column":0},"end":{"line":88,"column":46}},"88":{"start":{"line":89,"column":0},"end":{"line":89,"column":17}},"89":{"start":{"line":90,"column":0},"end":{"line":90,"column":35}},"90":{"start":{"line":91,"column":0},"end":{"line":91,"column":34}},"91":{"start":{"line":92,"column":0},"end":{"line":92,"column":26}},"92":{"start":{"line":93,"column":0},"end":{"line":93,"column":62}},"93":{"start":{"line":94,"column":0},"end":{"line":94,"column":71}},"95":{"start":{"line":96,"column":0},"end":{"line":96,"column":61}},"96":{"start":{"line":97,"column":0},"end":{"line":97,"column":19}},"97":{"start":{"line":98,"column":0},"end":{"line":98,"column":19}},"98":{"start":{"line":99,"column":0},"end":{"line":99,"column":17}},"99":{"start":{"line":100,"column":0},"end":{"line":100,"column":40}},"100":{"start":{"line":101,"column":0},"end":{"line":101,"column":40}},"101":{"start":{"line":102,"column":0},"end":{"line":102,"column":4}},"103":{"start":{"line":104,"column":0},"end":{"line":104,"column":9}},"104":{"start":{"line":105,"column":0},"end":{"line":105,"column":3}},"105":{"start":{"line":106,"column":0},"end":{"line":106,"column":20}},"106":{"start":{"line":107,"column":0},"end":{"line":107,"column":31}},"107":{"start":{"line":108,"column":0},"end":{"line":108,"column":40}},"108":{"start":{"line":109,"column":0},"end":{"line":109,"column":66}},"109":{"start":{"line":110,"column":0},"end":{"line":110,"column":61}},"110":{"start":{"line":111,"column":0},"end":{"line":111,"column":19}},"111":{"start":{"line":112,"column":0},"end":{"line":112,"column":19}},"112":{"start":{"line":113,"column":0},"end":{"line":113,"column":17}},"113":{"start":{"line":114,"column":0},"end":{"line":114,"column":40}},"114":{"start":{"line":115,"column":0},"end":{"line":115,"column":40}},"115":{"start":{"line":116,"column":0},"end":{"line":116,"column":4}},"116":{"start":{"line":117,"column":0},"end":{"line":117,"column":9}},"117":{"start":{"line":118,"column":0},"end":{"line":118,"column":3}},"118":{"start":{"line":119,"column":0},"end":{"line":119,"column":16}},"119":{"start":{"line":120,"column":0},"end":{"line":120,"column":40}},"120":{"start":{"line":121,"column":0},"end":{"line":121,"column":57}},"121":{"start":{"line":122,"column":0},"end":{"line":122,"column":58}},"122":{"start":{"line":123,"column":0},"end":{"line":123,"column":58}},"123":{"start":{"line":124,"column":0},"end":{"line":124,"column":17}},"124":{"start":{"line":125,"column":0},"end":{"line":125,"column":44}},"125":{"start":{"line":126,"column":0},"end":{"line":126,"column":4}},"126":{"start":{"line":127,"column":0},"end":{"line":127,"column":9}},"127":{"start":{"line":128,"column":0},"end":{"line":128,"column":3}},"128":{"start":{"line":129,"column":0},"end":{"line":129,"column":16}},"129":{"start":{"line":130,"column":0},"end":{"line":130,"column":53}},"130":{"start":{"line":131,"column":0},"end":{"line":131,"column":9}},"131":{"start":{"line":132,"column":0},"end":{"line":132,"column":3}},"132":{"start":{"line":133,"column":0},"end":{"line":133,"column":10}},"133":{"start":{"line":134,"column":0},"end":{"line":134,"column":69}},"134":{"start":{"line":135,"column":0},"end":{"line":135,"column":16}},"135":{"start":{"line":136,"column":0},"end":{"line":136,"column":108}},"136":{"start":{"line":137,"column":0},"end":{"line":137,"column":5}},"137":{"start":{"line":138,"column":0},"end":{"line":138,"column":21}},"138":{"start":{"line":139,"column":0},"end":{"line":139,"column":2}},"139":{"start":{"line":140,"column":0},"end":{"line":140,"column":1}},"141":{"start":{"line":142,"column":0},"end":{"line":142,"column":43}},"142":{"start":{"line":143,"column":0},"end":{"line":143,"column":27}},"143":{"start":{"line":144,"column":0},"end":{"line":144,"column":73}},"144":{"start":{"line":145,"column":0},"end":{"line":145,"column":3}},"145":{"start":{"line":146,"column":0},"end":{"line":146,"column":25}},"146":{"start":{"line":147,"column":0},"end":{"line":147,"column":57}},"148":{"start":{"line":149,"column":0},"end":{"line":149,"column":77}},"150":{"start":{"line":151,"column":0},"end":{"line":151,"column":9}},"151":{"start":{"line":152,"column":0},"end":{"line":152,"column":19}},"152":{"start":{"line":153,"column":0},"end":{"line":153,"column":7}},"153":{"start":{"line":154,"column":0},"end":{"line":154,"column":13}},"154":{"start":{"line":155,"column":0},"end":{"line":155,"column":8}},"155":{"start":{"line":156,"column":0},"end":{"line":156,"column":3}},"156":{"start":{"line":157,"column":0},"end":{"line":157,"column":1}}},"s":{"3":0,"4":0,"5":0,"6":0,"11":0,"12":0,"13":0,"14":0,"15":0,"16":0,"17":0,"18":0,"19":0,"20":0,"21":0,"22":0,"23":0,"24":0,"25":0,"26":0,"27":0,"28":0,"29":0,"30":0,"31":0,"32":0,"33":0,"34":0,"35":0,"36":0,"37":0,"38":0,"39":0,"40":0,"42":0,"43":0,"44":0,"45":0,"46":0,"47":0,"48":0,"49":0,"50":0,"51":0,"52":0,"53":0,"54":0,"55":0,"56":0,"57":0,"58":0,"59":0,"60":0,"61":0,"62":0,"63":0,"64":0,"65":0,"66":0,"67":0,"68":0,"69":0,"70":0,"71":0,"72":0,"73":0,"74":0,"75":0,"76":0,"77":0,"78":0,"79":0,"80":0,"81":0,"82":0,"83":0,"87":0,"88":0,"89":0,"90":0,"91":0,"92":0,"93":0,"95":0,"96":0,"97":0,"98":0,"99":0,"100":0,"101":0,"103":0,"104":0,"105":0,"106":0,"107":0,"108":0,"109":0,"110":0,"111":0,"112":0,"113":0,"114":0,"115":0,"116":0,"117":0,"118":0,"119":0,"120":0,"121":0,"122":0,"123":0,"124":0,"125":0,"126":0,"127":0,"128":0,"129":0,"130":0,"131":0,"132":0,"133":0,"134":0,"135":0,"136":0,"137":0,"138":0,"139":0,"141":0,"142":0,"143":0,"144":0,"145":0,"146":0,"148":0,"150":0,"151":0,"152":0,"153":0,"154":0,"155":0,"156":0},"branchMap":{"0":{"type":"branch","line":1,"loc":{"start":{"line":1,"column":3962},"end":{"line":157,"column":1}},"locations":[{"start":{"line":1,"column":3962},"end":{"line":157,"column":1}}]}},"b":{"0":[1]},"fnMap":{"0":{"name":"(empty-report)","decl":{"start":{"line":1,"column":3962},"end":{"line":157,"column":1}},"loc":{"start":{"line":1,"column":3962},"end":{"line":157,"column":1}},"line":1}},"f":{"0":1}}
,"/home/dennis/Desktop/code/npm/typed-pocketbase/src/codegen/utils/final-template.ts": {"path":"/home/dennis/Desktop/code/npm/typed-pocketbase/src/codegen/utils/final-template.ts","all":true,"statementMap":{"0":{"start":{"line":1,"column":0},"end":{"line":1,"column":64}},"4":{"start":{"line":5,"column":0},"end":{"line":5,"column":71}},"5":{"start":{"line":6,"column":0},"end":{"line":6,"column":23}},"144":{"start":{"line":145,"column":0},"end":{"line":145,"column":54}},"149":{"start":{"line":150,"column":0},"end":{"line":150,"column":14}},"150":{"start":{"line":151,"column":0},"end":{"line":151,"column":63}},"151":{"start":{"line":152,"column":0},"end":{"line":152,"column":16}},"154":{"start":{"line":155,"column":0},"end":{"line":155,"column":22}},"155":{"start":{"line":156,"column":0},"end":{"line":156,"column":1}}},"s":{"0":0,"4":0,"5":0,"144":0,"149":0,"150":0,"151":0,"154":0,"155":0},"branchMap":{"0":{"type":"branch","line":1,"loc":{"start":{"line":1,"column":0},"end":{"line":156,"column":-95}},"locations":[{"start":{"line":1,"column":0},"end":{"line":156,"column":-95}}]}},"b":{"0":[0]},"fnMap":{"0":{"name":"(empty-report)","decl":{"start":{"line":1,"column":0},"end":{"line":156,"column":-95}},"loc":{"start":{"line":1,"column":0},"end":{"line":156,"column":-95}},"line":1}},"f":{"0":0}}
,"/home/dennis/Desktop/code/npm/typed-pocketbase/src/codegen/utils/fs.ts": {"path":"/home/dennis/Desktop/code/npm/typed-pocketbase/src/codegen/utils/fs.ts","all":true,"statementMap":{"0":{"start":{"line":1,"column":0},"end":{"line":1,"column":37}},"3":{"start":{"line":4,"column":0},"end":{"line":4,"column":68}},"4":{"start":{"line":5,"column":0},"end":{"line":5,"column":7}},"5":{"start":{"line":6,"column":0},"end":{"line":6,"column":114}},"6":{"start":{"line":7,"column":0},"end":{"line":7,"column":48}},"7":{"start":{"line":8,"column":0},"end":{"line":8,"column":20}},"8":{"start":{"line":9,"column":0},"end":{"line":9,"column":24}},"9":{"start":{"line":10,"column":0},"end":{"line":10,"column":17}},"10":{"start":{"line":11,"column":0},"end":{"line":11,"column":9}},"11":{"start":{"line":12,"column":0},"end":{"line":12,"column":36}},"12":{"start":{"line":13,"column":0},"end":{"line":13,"column":9}},"13":{"start":{"line":14,"column":0},"end":{"line":14,"column":7}},"15":{"start":{"line":16,"column":0},"end":{"line":16,"column":17}},"16":{"start":{"line":17,"column":0},"end":{"line":17,"column":47}},"17":{"start":{"line":18,"column":0},"end":{"line":18,"column":5}},"19":{"start":{"line":20,"column":0},"end":{"line":20,"column":29}},"20":{"start":{"line":21,"column":0},"end":{"line":21,"column":19}},"21":{"start":{"line":22,"column":0},"end":{"line":22,"column":51}},"22":{"start":{"line":23,"column":0},"end":{"line":23,"column":59}},"23":{"start":{"line":24,"column":0},"end":{"line":24,"column":3}},"24":{"start":{"line":25,"column":0},"end":{"line":25,"column":1}},"27":{"start":{"line":28,"column":0},"end":{"line":28,"column":65}},"28":{"start":{"line":29,"column":0},"end":{"line":29,"column":11}},"29":{"start":{"line":30,"column":0},"end":{"line":30,"column":63}},"30":{"start":{"line":31,"column":0},"end":{"line":31,"column":28}},"31":{"start":{"line":32,"column":0},"end":{"line":32,"column":62}},"32":{"start":{"line":33,"column":0},"end":{"line":33,"column":102}},"33":{"start":{"line":34,"column":0},"end":{"line":34,"column":11}},"34":{"start":{"line":35,"column":0},"end":{"line":35,"column":7}},"35":{"start":{"line":36,"column":0},"end":{"line":36,"column":1}},"36":{"start":{"line":37,"column":0},"end":{"line":37,"column":54}},"37":{"start":{"line":38,"column":0},"end":{"line":38,"column":11}},"38":{"start":{"line":39,"column":0},"end":{"line":39,"column":43}},"39":{"start":{"line":40,"column":0},"end":{"line":40,"column":28}},"40":{"start":{"line":41,"column":0},"end":{"line":41,"column":38}},"41":{"start":{"line":42,"column":0},"end":{"line":42,"column":36}},"42":{"start":{"line":43,"column":0},"end":{"line":43,"column":20}},"43":{"start":{"line":44,"column":0},"end":{"line":44,"column":9}},"44":{"start":{"line":45,"column":0},"end":{"line":45,"column":20}},"45":{"start":{"line":46,"column":0},"end":{"line":46,"column":7}},"46":{"start":{"line":47,"column":0},"end":{"line":47,"column":1}}},"s":{"0":0,"3":0,"4":0,"5":0,"6":0,"7":0,"8":0,"9":0,"10":0,"11":0,"12":0,"13":0,"15":0,"16":0,"17":0,"19":0,"20":0,"21":0,"22":0,"23":0,"24":0,"27":0,"28":0,"29":0,"30":0,"31":0,"32":0,"33":0,"34":0,"35":0,"36":0,"37":0,"38":0,"39":0,"40":0,"41":0,"42":0,"43":0,"44":0,"45":0,"46":0},"branchMap":{"0":{"type":"branch","line":1,"loc":{"start":{"line":1,"column":1365},"end":{"line":47,"column":1}},"locations":[{"start":{"line":1,"column":1365},"end":{"line":47,"column":1}}]}},"b":{"0":[0]},"fnMap":{"0":{"name":"(empty-report)","decl":{"start":{"line":1,"column":1365},"end":{"line":47,"column":1}},"loc":{"start":{"line":1,"column":1365},"end":{"line":47,"column":1}},"line":1}},"f":{"0":0}}
,"/home/dennis/Desktop/code/npm/typed-pocketbase/src/codegen/utils/general-helpers.ts": {"path":"/home/dennis/Desktop/code/npm/typed-pocketbase/src/codegen/utils/general-helpers.ts","all":true,"statementMap":{"0":{"start":{"line":1,"column":0},"end":{"line":1,"column":41}},"1":{"start":{"line":2,"column":0},"end":{"line":2,"column":11}},"2":{"start":{"line":3,"column":0},"end":{"line":3,"column":53}},"3":{"start":{"line":4,"column":0},"end":{"line":4,"column":42}},"4":{"start":{"line":5,"column":0},"end":{"line":5,"column":1}}},"s":{"0":0,"1":0,"2":0,"3":0,"4":0},"branchMap":{"0":{"type":"branch","line":1,"loc":{"start":{"line":1,"column":152},"end":{"line":5,"column":1}},"locations":[{"start":{"line":1,"column":152},"end":{"line":5,"column":1}}]}},"b":{"0":[0]},"fnMap":{"0":{"name":"(empty-report)","decl":{"start":{"line":1,"column":152},"end":{"line":5,"column":1}},"loc":{"start":{"line":1,"column":152},"end":{"line":5,"column":1}},"line":1}},"f":{"0":0}}
,"/home/dennis/Desktop/code/npm/typed-pocketbase/src/codegen/utils/util-types.ts": {"path":"/home/dennis/Desktop/code/npm/typed-pocketbase/src/codegen/utils/util-types.ts","all":true,"statementMap":{},"s":{},"branchMap":{"0":{"type":"branch","line":1,"loc":{"start":{"line":1,"column":487},"end":{"line":29,"column":1}},"locations":[{"start":{"line":1,"column":487},"end":{"line":29,"column":1}}]}},"b":{"0":[1]},"fnMap":{"0":{"name":"(empty-report)","decl":{"start":{"line":1,"column":487},"end":{"line":29,"column":1}},"loc":{"start":{"line":1,"column":487},"end":{"line":29,"column":1}},"line":1}},"f":{"0":1}}
,"/home/dennis/Desktop/code/npm/typed-pocketbase/src/hatch/call-cli.ts": {"path":"/home/dennis/Desktop/code/npm/typed-pocketbase/src/hatch/call-cli.ts","all":true,"statementMap":{"0":{"start":{"line":1,"column":0},"end":{"line":1,"column":48}},"1":{"start":{"line":2,"column":0},"end":{"line":2,"column":15}},"6":{"start":{"line":7,"column":0},"end":{"line":7,"column":41}},"7":{"start":{"line":8,"column":0},"end":{"line":8,"column":38}},"8":{"start":{"line":9,"column":0},"end":{"line":9,"column":43}},"9":{"start":{"line":10,"column":0},"end":{"line":10,"column":49}},"10":{"start":{"line":11,"column":0},"end":{"line":11,"column":36}},"11":{"start":{"line":12,"column":0},"end":{"line":12,"column":20}},"12":{"start":{"line":13,"column":0},"end":{"line":13,"column":78}},"13":{"start":{"line":14,"column":0},"end":{"line":14,"column":6}},"14":{"start":{"line":15,"column":0},"end":{"line":15,"column":3}},"15":{"start":{"line":16,"column":0},"end":{"line":16,"column":49}},"16":{"start":{"line":17,"column":0},"end":{"line":17,"column":1}},"18":{"start":{"line":19,"column":0},"end":{"line":19,"column":17}},"19":{"start":{"line":20,"column":0},"end":{"line":20,"column":18}},"21":{"start":{"line":22,"column":0},"end":{"line":22,"column":23}},"22":{"start":{"line":23,"column":0},"end":{"line":23,"column":10}},"23":{"start":{"line":24,"column":0},"end":{"line":24,"column":9}},"24":{"start":{"line":25,"column":0},"end":{"line":25,"column":18}},"25":{"start":{"line":26,"column":0},"end":{"line":26,"column":92}},"32":{"start":{"line":33,"column":0},"end":{"line":33,"column":3}},"33":{"start":{"line":34,"column":0},"end":{"line":34,"column":5}}},"s":{"0":0,"1":0,"6":0,"7":0,"8":0,"9":0,"10":0,"11":0,"12":0,"13":0,"14":0,"15":0,"16":0,"18":0,"19":0,"21":0,"22":0,"23":0,"24":0,"25":0,"32":0,"33":0},"branchMap":{"0":{"type":"branch","line":1,"loc":{"start":{"line":1,"column":0},"end":{"line":34,"column":-299}},"locations":[{"start":{"line":1,"column":0},"end":{"line":34,"column":-299}}]}},"b":{"0":[0]},"fnMap":{"0":{"name":"(empty-report)","decl":{"start":{"line":1,"column":0},"end":{"line":34,"column":-299}},"loc":{"start":{"line":1,"column":0},"end":{"line":34,"column":-299}},"line":1}},"f":{"0":0}}
,"/home/dennis/Desktop/code/npm/typed-pocketbase/src/lib/pb/custom-pb-types.ts": {"path":"/home/dennis/Desktop/code/npm/typed-pocketbase/src/lib/pb/custom-pb-types.ts","all":true,"statementMap":{},"s":{},"branchMap":{"0":{"type":"branch","line":1,"loc":{"start":{"line":1,"column":0},"end":{"line":1,"column":0}},"locations":[{"start":{"line":1,"column":0},"end":{"line":1,"column":0}}]}},"b":{"0":[1]},"fnMap":{"0":{"name":"(empty-report)","decl":{"start":{"line":1,"column":0},"end":{"line":1,"column":0}},"loc":{"start":{"line":1,"column":0},"end":{"line":1,"column":0}},"line":1}},"f":{"0":1}}
,"/home/dennis/Desktop/code/npm/typed-pocketbase/src/lib/pb/pb-types.ts": {"path":"/home/dennis/Desktop/code/npm/typed-pocketbase/src/lib/pb/pb-types.ts","all":true,"statementMap":{},"s":{},"branchMap":{"0":{"type":"branch","line":1,"loc":{"start":{"line":1,"column":8906},"end":{"line":404,"column":1}},"locations":[{"start":{"line":1,"column":8906},"end":{"line":404,"column":1}}]}},"b":{"0":[1]},"fnMap":{"0":{"name":"(empty-report)","decl":{"start":{"line":1,"column":8906},"end":{"line":404,"column":1}},"loc":{"start":{"line":1,"column":8906},"end":{"line":404,"column":1}},"line":1}},"f":{"0":1}}
,"/home/dennis/Desktop/code/npm/typed-pocketbase/src/manual/loadCollectionSchema.ts": {"path":"/home/dennis/Desktop/code/npm/typed-pocketbase/src/manual/loadCollectionSchema.ts","all":true,"statementMap":{"0":{"start":{"line":1,"column":0},"end":{"line":1,"column":52}},"4":{"start":{"line":5,"column":0},"end":{"line":5,"column":15}},"6":{"start":{"line":7,"column":0},"end":{"line":7,"column":63}},"7":{"start":{"line":8,"column":0},"end":{"line":8,"column":56}},"8":{"start":{"line":9,"column":0},"end":{"line":9,"column":62}},"10":{"start":{"line":11,"column":0},"end":{"line":11,"column":46}},"11":{"start":{"line":12,"column":0},"end":{"line":12,"column":32}},"12":{"start":{"line":13,"column":0},"end":{"line":13,"column":12}},"13":{"start":{"line":14,"column":0},"end":{"line":14,"column":30}},"14":{"start":{"line":15,"column":0},"end":{"line":15,"column":35}},"15":{"start":{"line":16,"column":0},"end":{"line":16,"column":7}},"16":{"start":{"line":17,"column":0},"end":{"line":17,"column":1}},"18":{"start":{"line":19,"column":0},"end":{"line":19,"column":24}},"19":{"start":{"line":20,"column":0},"end":{"line":20,"column":26}},"20":{"start":{"line":21,"column":0},"end":{"line":21,"column":24}},"21":{"start":{"line":22,"column":0},"end":{"line":22,"column":59}},"22":{"start":{"line":23,"column":0},"end":{"line":23,"column":64}},"23":{"start":{"line":24,"column":0},"end":{"line":24,"column":45}},"24":{"start":{"line":25,"column":0},"end":{"line":25,"column":50}},"25":{"start":{"line":26,"column":0},"end":{"line":26,"column":55}},"26":{"start":{"line":27,"column":0},"end":{"line":27,"column":18}},"27":{"start":{"line":28,"column":0},"end":{"line":28,"column":83}},"28":{"start":{"line":29,"column":0},"end":{"line":29,"column":54}},"29":{"start":{"line":30,"column":0},"end":{"line":30,"column":14}},"30":{"start":{"line":31,"column":0},"end":{"line":31,"column":10}},"31":{"start":{"line":32,"column":0},"end":{"line":32,"column":25}},"32":{"start":{"line":33,"column":0},"end":{"line":33,"column":29}},"33":{"start":{"line":34,"column":0},"end":{"line":34,"column":11}},"34":{"start":{"line":35,"column":0},"end":{"line":35,"column":1}},"36":{"start":{"line":37,"column":0},"end":{"line":37,"column":14}}},"s":{"0":0,"4":0,"6":0,"7":0,"8":0,"10":0,"11":0,"12":0,"13":0,"14":0,"15":0,"16":0,"18":0,"19":0,"20":0,"21":0,"22":0,"23":0,"24":0,"25":0,"26":0,"27":0,"28":0,"29":0,"30":0,"31":0,"32":0,"33":0,"34":0,"36":0},"branchMap":{"0":{"type":"branch","line":1,"loc":{"start":{"line":1,"column":0},"end":{"line":37,"column":-363}},"locations":[{"start":{"line":1,"column":0},"end":{"line":37,"column":-363}}]}},"b":{"0":[0]},"fnMap":{"0":{"name":"(empty-report)","decl":{"start":{"line":1,"column":0},"end":{"line":37,"column":-363}},"loc":{"start":{"line":1,"column":0},"end":{"line":37,"column":-363}},"line":1}},"f":{"0":0}}
}
